Log file open, 11/20/15 16:59:30
LogInit:Display: Running engine for game: Wick
LogInit: Version: 4.7.6-2513093+++depot+UE4-Releases+4.7
LogInit: API Version: 2455222
LogInit: Compiled (64-bit): Apr 15 2015 12:09:54
LogInit: Compiled with Visual C++: 18.00.21005.01
LogInit: Build Configuration: Development
LogInit: Branch Name: ++depot+UE4-Releases+4.7
LogInit: Command line:  
LogInit: Base directory: C:/Program Files/Epic Games/4.7/Engine/Binaries/Win64/
LogInit: Rocket: 1
[2015.11.20-21.59.30:812][  0]LogTaskGraph: Started task graph with 3 named threads and 6 total threads.
[2015.11.20-21.59.30:879][  0]LogOnline:Warning: No default platform service specified for OnlineSubsystem
[2015.11.20-21.59.31:086][  0]LogInit: Presizing for 0 objects not considered by GC, pre-allocating 0 bytes.
[2015.11.20-21.59.31:099][  0]LogInit: Object subsystem initialized
[2015.11.20-21.59.31:102][  0]LogConsoleResponse:Warning: Skipping Unknown console variable: 'TranslucentSortAxis = (X=0.000000,Y=-1.000000,Z=0.000000)'
[2015.11.20-21.59.31:102][  0]LogConsoleResponse:Warning:   Found in ini file 'C:/Users/Zeetermin/Documents/GitHub/Wick/Wick/Saved/Config/Windows/Engine.ini', in section '[/Script/Engine.RendererSettings]'
[2015.11.20-21.59.31:102][  0]LogConsoleResponse:Warning: Skipping Unknown console variable: 'UIScaleRule = ShortestSide'
[2015.11.20-21.59.31:102][  0]LogConsoleResponse:Warning:   Found in ini file 'C:/Users/Zeetermin/Documents/GitHub/Wick/Wick/Saved/Config/Windows/Engine.ini', in section '[/Script/Engine.RendererSettings]'
[2015.11.20-21.59.31:102][  0]LogConsoleResponse:Warning: Skipping Unknown console variable: 'UIScaleCurve = (EditorCurveData=(Keys=),ExternalCurve=None)'
[2015.11.20-21.59.31:102][  0]LogConsoleResponse:Warning:   Found in ini file 'C:/Users/Zeetermin/Documents/GitHub/Wick/Wick/Saved/Config/Windows/Engine.ini', in section '[/Script/Engine.RendererSettings]'
[2015.11.20-21.59.31:102][  0]LogInit: Selected Device Profile: [Windows]
[2015.11.20-21.59.31:102][  0]LogInit: Applying CVar settings loaded from the selected device profile: [Windows]
[2015.11.20-21.59.31:146][  0]LogInit: Computer: VERONICA
[2015.11.20-21.59.31:146][  0]LogInit: User: Zeetermin
[2015.11.20-21.59.31:146][  0]LogInit: CPU Page size=4096, Cores=4
[2015.11.20-21.59.31:146][  0]LogInit: High frequency timer resolution =2.597653 MHz
[2015.11.20-21.59.31:147][  0]LogMemory: Memory total: Physical=6.0GB (6GB approx) Virtual=131072.0GB
[2015.11.20-21.59.31:147][  0]LogMemory: Platform Memory Stats for Windows
[2015.11.20-21.59.31:147][  0]LogMemory: Process Physical Memory: 47.51 MB used, 47.51 MB peak
[2015.11.20-21.59.31:147][  0]LogMemory: Process Virtual Memory: 24.82 MB used, 24.83 MB peak
[2015.11.20-21.59.31:147][  0]LogMemory: Physical Memory: 3241.01 MB used, 6135.18 MB total
[2015.11.20-21.59.31:147][  0]LogMemory: Virtual Memory: 305.25 MB used, 134217728.00 MB total
[2015.11.20-21.59.31:338][  0]LogD3D11RHI: Found D3D11 adapter 0: AMD Radeon R7 200 Series (Feature Level 11_0)
[2015.11.20-21.59.31:338][  0]LogD3D11RHI: Adapter has 2029MB of dedicated video memory, 0MB of dedicated system memory, and 3067MB of shared system memory, 1 output[s]
[2015.11.20-21.59.31:364][  0]LogD3D11RHI: Found D3D11 adapter 1: Microsoft Basic Render Driver (Feature Level 11_0)
[2015.11.20-21.59.31:364][  0]LogD3D11RHI: Adapter has 0MB of dedicated video memory, 0MB of dedicated system memory, and 3067MB of shared system memory, 0 output[s]
[2015.11.20-21.59.31:364][  0]LogD3D11RHI: Chosen D3D11 Adapter Id = 0
[2015.11.20-21.59.31:368][  0]LogRHI: Texture pool is 1361 MB (70% of 1945 MB)
[2015.11.20-21.59.31:376][  0]LogD3D11RHI: Async texture creation disabled: no driver support
[2015.11.20-21.59.34:401][  0]LogTextLocalizationManager: The requested culture ('en_US') has no localization data; parent culture's ('en') localization data will be used.
[2015.11.20-21.59.34:736][  0]LogTextLocalizationManager:Warning: Loading localization resources contain conflicting entries for (Namespace:UICommands, Key:Save_ToolTip):
Resource: (C:/Program Files/Epic Games/4.7/Engine/Content/Localization/Editor/en/Editor.locres) Hash: (-29098895) String: (Saves the current level to disk)
Resource: (C:/Program Files/Epic Games/4.7/Engine/Content/Localization/Engine/en/Engine.locres) Hash: (-1280300587) String: (Save selected data to vlog file)
[2015.11.20-21.59.34:737][  0]LogTextLocalizationManager:Warning: Loading localization resources contain conflicting entries for (Namespace:ContentBrowser, Key:ImportAssetToolTip):
Resource: (C:/Program Files/Epic Games/4.7/Engine/Content/Localization/Editor/en/Editor.locres) Hash: (-630476809) String: (Import to {0}...)
Resource: (C:/Program Files/Epic Games/4.7/Engine/Content/Localization/Editor/en/Editor.locres) Hash: (1271782899) String: (Imports an asset from file to this folder.)
[2015.11.20-21.59.34:837][  0]LogContentStreaming: Texture pool size is 0.000000MB
[2015.11.20-21.59.47:387][  0]LogTargetPlatformManager:Display: Building Assets For Windows
[2015.11.20-21.59.48:912][  0]LogTargetPlatformManager:Display: Building Assets For Windows
[2015.11.20-21.59.49:090][  0]LogDerivedDataCache:Display: Max Cache Size: 512 MB
[2015.11.20-21.59.49:622][  0]LogDerivedDataCache: Loaded boot cache 0.53s 39MB C:/Users/Zeetermin/AppData/Local/UnrealEngine/4.7/DerivedDataCache/Boot.ddc.
[2015.11.20-21.59.49:622][  0]LogDerivedDataCache:Display: Loaded Boot cache: C:/Users/Zeetermin/AppData/Local/UnrealEngine/4.7/DerivedDataCache/Boot.ddc
[2015.11.20-21.59.49:622][  0]LogDerivedDataCache: FDerivedDataBackendGraph:  Pak pak cache file ../../../../../../Users/Zeetermin/Documents/GitHub/Wick/Wick/DerivedDataCache/DDC.ddp not found, will not use a pak cache.
[2015.11.20-21.59.49:622][  0]LogDerivedDataCache: Unable to find inner node Pak for hierarchical cache Hierarchy.
[2015.11.20-21.59.49:853][  0]LogDerivedDataCache:Display: Pak cache opened for reading ../../../Engine/DerivedDataCache/Compressed.ddp.
[2015.11.20-21.59.49:874][  0]LogDerivedDataCache: Using Local data cache path C:/Users/Zeetermin/AppData/Local/UnrealEngine/Common/DerivedDataCache: Writable
[2015.11.20-21.59.53:969][  0]LogMeshUtilities: No automatic mesh reduction module available
[2015.11.20-21.59.53:969][  0]LogMeshUtilities: No automatic mesh merging module available
[2015.11.20-21.59.57:938][  0]LogInit: WinSock: version 1.1 (2.2), MaxSocks=32767, MaxUdp=65467
[2015.11.20-21.59.58:325][  0]LogSlate:Warning: Failed to load font data from '../../../Engine/Content/Slate/Fonts/Roboto-Italic.ttf'
[2015.11.20-22.00.12:403][  0]UdpMessaging: Initializing bridge on interface 0.0.0.0:0 to multicast group 230.0.0.1:6666.
[2015.11.20-22.00.13:395][  0]SourceControl: Info Source control is disabled
[2015.11.20-22.00.13:395][  0]SourceControl: Info Source control is disabled
[2015.11.20-22.00.13:395][  0]SourceControl: Info Source control is disabled
[2015.11.20-22.00.13:395][  0]LogSourceControl: RunCommandInternalRaw: 'git version'
[2015.11.20-22.00.13:396][  0]LogSourceControl: RunCommandInternalRaw: ExecProcess ReturnCode=2 OutResults=''
[2015.11.20-22.00.13:415][  0]SourceControl: Info Source control is disabled
[2015.11.20-22.00.14:590][  0]LogObj: 24232 objects as part of root set at end of initial load.
[2015.11.20-22.00.14:590][  0]LogUObjectAllocator: 5137176 out of 0 bytes used by permanent object pool.
[2015.11.20-22.00.14:894][  0]LogEngine: Initializing Engine...
[2015.11.20-22.00.17:731][  0]LogInit: XAudio2 using 'Speakers (High Definition Audio Device)' : 2 channels at 44.1 kHz using 16 bits per sample (channel mask 0x3)
[2015.11.20-22.00.17:775][  0]LogInit: FAudioDevice initialized.
[2015.11.20-22.00.17:879][  0]LogAIModule: Creating AISystem for world NewWorld
[2015.11.20-22.00.17:905][  0]LogDerivedDataCache: Saved boot cache 0.02s 39MB C:/Users/Zeetermin/AppData/Local/UnrealEngine/4.7/DerivedDataCache/Boot.ddc.
[2015.11.20-22.00.17:911][  0]LogInit: Texture streaming: Enabled
[2015.11.20-22.00.18:456][  0]LogAnalytics: Creating configured Analytics provider AnalyticsET
[2015.11.20-22.00.