Log file open, 06/26/16 17:03:39
LogInit:Display: Running engine for game: Wick
LogPlatformFile: Not using cached read wrapper
LogInit:Display: RandInit(-1397842052) SRandInit(-1397842050).
LogTaskGraph: Started task graph with 4 named threads and 5 total threads with 1 sets of task threads.
LogStats: Stats thread started at 0.080389
LogInit: Version: 4.12.3-3013449+++UE4+Release-4.12
LogInit: API Version: 2992821
LogInit: Net Version: 3013449
LogDevObjectVersion: Number of dev versions registered: 13
LogDevObjectVersion:   Dev-Blueprints (B0D832E4-1F89-4F0D-ACCF-7EB736FD4AA2): 3
LogDevObjectVersion:   Dev-Build (E1C64328-A22C-4D53-A36C-8E866417BD8C): 0
LogDevObjectVersion:   Dev-Core (375EC13C-06E4-48FB-B500-84F0262A717E): 1
LogDevObjectVersion:   Dev-Editor (E4B068ED-F494-42E9-A231-DA0B2E46BB41): 2
LogDevObjectVersion:   Dev-Framework (CFFC743F-43B0-4480-9391-14DF171D2073): 6
LogDevObjectVersion:   Dev-Mobile (B02B49B5-BB20-44E9-A304-32B752E40360): 0
LogDevObjectVersion:   Dev-Networking (A4E4105C-59A1-49B5-A7C5-40C4547EDFEE): 0
LogDevObjectVersion:   Dev-Online (39C831C9-5AE6-47DC-9A44-9C173E1C8E7C): 0
LogDevObjectVersion:   Dev-Physics (78F01B33-EBEA-4F98-B9B4-84EACCB95AA2): 0
LogDevObjectVersion:   Dev-Platform (6631380F-2D4D-43E0-8009-CF276956A95A): 0
LogDevObjectVersion:   Dev-Rendering (12F88B9F-8875-4AFC-A67C-D90C383ABD29): 2
LogDevObjectVersion:   Dev-Sequencer (7B5AE74C-D270-4C10-A958-57980B212A5A): 0
LogDevObjectVersion:   Dev-VR (D7296918-1DD6-4BDD-9DE2-64A83CC13884): 0
LogInit: Compiled (64-bit): Jun 14 2016 17:53:16
LogInit: Compiled with Visual C++: 19.00.23026.00
LogInit: Build Configuration: Development
LogInit: Branch Name: ++UE4+Release-4.12
LogInit: Command line: -EpicPortal 
LogInit: Base directory: C:/Program Files (x86)/Epic Games/4.12/Engine/Binaries/Win64/
LogInit: Installed Engine Build: 1
LogInit: Using libcurl 7.41.0
LogInit:  - built for x86_64-pc-win32
LogInit:  - supports SSL with WinSSL
LogInit:  - other features:
LogInit:      CURL_VERSION_SSL
LogInit:      CURL_VERSION_IPV6
LogInit:      CURL_VERSION_ASYNCHDNS
LogInit:      CURL_VERSION_LARGEFILE
LogInit:      CURL_VERSION_IDN
LogInit:  CurlRequestOptions (configurable via config and command line):
LogInit:  - bVerifyPeer = true  - Libcurl will verify peer certificate
LogInit:  - bUseHttpProxy = false  - Libcurl will NOT use HTTP proxy
LogInit:  - bDontReuseConnections = false  - Libcurl will reuse connections
LogInit:  - CertBundlePath = nullptr  - Libcurl will use whatever was configured at build time.
LogInit: Presizing for max 8388607 objects, including 0 objects not considered by GC, pre-allocating 0 bytes for permanent pool.
LogInit: Object subsystem initialized
[2016.06.26-21.03.39:655][  0]LogInit: Selected Device Profile: [Windows]
[2016.06.26-21.03.39:655][  0]LogInit: Applying CVar settings loaded from the selected device profile: [Windows]
[2016.06.26-21.03.39:667][  0]LogInit: Computer: DESKTOP-DDOPD9J
[2016.06.26-21.03.39:667][  0]LogInit: User: Zeetermin
[2016.06.26-21.03.39:667][  0]LogInit: CPU Page size=65536, Cores=2
[2016.06.26-21.03.39:667][  0]LogInit: High frequency timer resolution =2.531255 MHz
[2016.06.26-21.03.39:668][  0]LogMemory: Memory total: Physical=7.8GB (8GB approx)
[2016.06.26-21.03.39:668][  0]LogMemory: Platform Memory Stats for Windows
[2016.06.26-21.03.39:668][  0]LogMemory: Process Physical Memory: 189.05 MB used, 189.05 MB peak
[2016.06.26-21.03.39:668][  0]LogMemory: Process Virtual Memory: 194.78 MB used, 194.78 MB peak
[2016.06.26-21.03.39:668][  0]LogMemory: Physical Memory: 4432.73 MB used, 7986.05 MB total
[2016.06.26-21.03.39:668][  0]LogMemory: Virtual Memory: 551.70 MB used, 134217728.00 MB total
[2016.06.26-21.03.39:706][  0]LogTextLocalizationManager: No specific translations for ('en-US') exist, so ('en') translations will be used.
[2016.06.26-21.03.40:367][  0]LogD3D11RHI: D3D11 adapters:
[2016.06.26-21.03.40:406][  0]LogD3D11RHI:    0. 'NVIDIA GeForce 940M     ' (Feature Level 11_0)
[2016.06.26-21.03.40:406][  0]LogD3D11RHI:       1996/0/3993 MB DedicatedVideo/DedicatedSystem/SharedSystem, Outputs:1, VendorId:0x10de
[2016.06.26-21.03.40:413][  0]LogD3D11RHI:    1. 'Intel(R) HD Graphics 520' (Feature Level 11_0)
[2016.06.26-21.03.40:413][  0]LogD3D11RHI:       128/0/3993 MB DedicatedVideo/DedicatedSystem/SharedSystem, Outputs:0, VendorId:0x8086
[2016.06.26-21.03.40:415][  0]LogD3D11RHI:    2. 'Microsoft Basic Render Driver' (Feature Level 11_0)
[2016.06.26-21.03.40:415][  0]LogD3D11RHI:       0/0/3993 MB DedicatedVideo/DedicatedSystem/SharedSystem, Outputs:0, VendorId:0x1414
[2016.06.26-21.03.40:415][  0]LogD3D11RHI: Chosen D3D11 Adapter: 0
[2016.06.26-21.03.40:430][  0]LogD3D11RHI: Creating new Direct3DDevice
[2016.06.26-21.03.40:430][  0]LogD3D11RHI:     GPU DeviceId: 0x1347 (for the marketing name, search the web for "GPU Device Id")
[2016.06.26-21.03.40:430][  0]LogWindows: EnumDisplayDevices:
[2016.06.26-21.03.40:430][  0]LogWindows:    0. 'Intel(R) HD Graphics 520' (P:1 D:1)
[2016.06.26-21.03.40:431][  0]LogWindows:    1. 'Intel(R) HD Graphics 520' (P:0 D:0)
[2016.06.26-21.03.40:431][  0]LogWindows:    2. 'Intel(R) HD Graphics 520' (P:0 D:0)
[2016.06.26-21.03.40:431][  0]LogWindows: DebugString: PrimaryIsNotTheChoosenAdapter PrimaryIsNotTheChoosenAdapter PrimaryIsNotTheChoosenAdapter FoundDriverCount:0 
[2016.06.26-21.03.40:431][  0]LogD3D11RHI:     Adapter Name: NVIDIA GeForce 940M     
[2016.06.26-21.03.40:431][  0]LogD3D11RHI:   Driver Version: Unknown (internal:Unknown, unified:Unknown)
[2016.06.26-21.03.40:431][  0]LogD3D11RHI:      Driver Date: Unknown
[2016.06.26-21.03.40:431][  0]LogRHI: Texture pool is 1361 MB (70% of 1945 MB)
[2016.06.26-21.03.40:461][  0]LogD3D11RHI: Async texture creation enabled
[2016.06.26-21.03.40:496][  0]LogD3D11RHI: GPU Timing Frequency: 1000.000000 (Debug: 2 0)
[2016.06.26-21.03.40:500][  0]LogShaderCompilers: Guid format shader working directory is -10 characters bigger than the processId version (../../../../../../Users/Zeetermin/Documents/GitHub/Wick/Wick/Intermediate/Shaders/WorkingDirectory/760/).
[2016.06.26-21.03.40:501][  0]LogShaderCompilers: Cleaned the shader compiler working directory 'C:/Users/ZEETER~1/AppData/Local/Temp/UnrealShaderWorkingDir/34CA1D3E447AB45206BAB78BAFDEBDF8/'.
[2016.06.26-21.03.40:501][  0]LogShaderCompilers:Display: Using Local Shader Compiler.
[2016.06.26-21.03.42:904][  0]LogTemp:Display: Loaded TP AllDesktopTargetPlatform
[2016.06.26-21.03.42:923][  0]LogTemp:Display: Loaded TP WindowsClientTargetPlatform
[2016.06.26-21.03.42:942][  0]LogTemp:Display: Loaded TP WindowsNoEditorTargetPlatform
[2016.06.26-21.03.42:957][  0]LogTemp:Display: Loaded TP WindowsServerTargetPlatform
[2016.06.26-21.03.42:973][  0]LogTemp:Display: Loaded TP WindowsTargetPlatform
[2016.06.26-21.03.42:985][  0]LogTemp:Display: Loaded TP AndroidTargetPlatform
[2016.06.26-21.03.42:997][  0]LogTemp:Display: Loaded TP Android_ASTCTargetPlatform
[2016.06.26-21.03.43:013][  0]LogTemp:Display: Loaded TP Android_ATCTargetPlatform
[2016.06.26-21.03.43:027][  0]LogTemp:Display: Loaded TP Android_DXTTargetPlatform
[2016.06.26-21.03.43:041][  0]LogTemp:Display: Loaded TP Android_ETC1TargetPlatform
[2016.06.26-21.03.43:053][  0]LogTemp:Display: Loaded TP Android_ETC2TargetPlatform
[2016.06.26-21.03.43:080][  0]LogTemp:Display: Loaded TP Android_MultiTargetPlatform
[2016.06.26-21.03.43:080][  0]LogTemp:Display: Loaded TP Android_PVRTCTargetPlatform
[2016.06.26-21.03.43:082][  0]LogTemp:Display: Loaded TP HTML5TargetPlatform
[2016.06.26-21.03.43:114][  0]LogTemp:Display: Loaded TP IOSTargetPlatform
[2016.06.26-21.03.43:127][  0]LogTemp:Display: Loaded TP TVOSTargetPlatform
[2016.06.26-21.03.43:145][  0]LogTemp:Display: Loaded TP LinuxNoEditorTargetPlatform
[2016.06.26-21.03.43:163][  0]LogTemp:Display: Loaded TP LinuxServerTargetPlatform
[2016.06.26-21.03.43:185][  0]LogTemp:Display: Loaded TP LinuxTargetPlatform
[2016.06.26-21.03.43:185][  0]LogTargetPlatformManager:Display: Building Assets For Windows
[2016.06.26-21.03.43:312][  0]LogDerivedDataCache:Display: Max Cache Size: 512 MB
[2016.06.26-21.03.43:496][  0]LogDerivedDataCache: Loaded boot cache 0.18s 48MB C:/Users/Zeetermin/AppData/Local/UnrealEngine/4.12/DerivedDataCache/Boot.ddc.
[2016.06.26-21.03.43:496][  0]LogDerivedDataCache:Display: Loaded Boot cache: C:/Users/Zeetermin/AppData/Local/UnrealEngine/4.12/DerivedDataCache/Boot.ddc
[2016.06.26-21.03.43:497][  0]LogDerivedDataCache: FDerivedDataBackendGraph:  Pak pak cache file ../../../../../../Users/Zeetermin/Documents/GitHub/Wick/Wick/DerivedDataCache/DDC.ddp not found, will not use a pak cache.
[2016.06.26-21.03.43:497][  0]LogDerivedDataCache: Unable to find inner node Pak for hierarchical cache Hierarchy.
[2016.06.26-21.03.43:497][  0]LogDerivedDataCache: FDerivedDataBackendGraph:  CompressedPak pak cache file ../../../../../../Users/Zeetermin/Documents/GitHub/Wick/Wick/DerivedDataCache/Compressed.ddp not found, will not use a pak cache.
[2016.06.26-21.03.43:497][  0]LogDerivedDataCache: Unable to find inner node CompressedPak for hierarchical cache Hierarchy.
[2016.06.26-21.03.43:525][  0]LogDerivedDataCache:Display: Pak cache opened for reading ../../../Engine/DerivedDataCache/Compressed.ddp.
[2016.06.26-21.03.43:537][  0]LogDerivedDataCache: Using Local data cache path C:/Users/Zeetermin/AppData/Local/UnrealEngine/Common/DerivedDataCache: Writable
[2016.06.26-21.03.43:876][  0]LogInit: Selected Device Profile: [Windows]
[2016.06.26-21.03.43:877][  0]LogContentStreaming: Texture pool size is 0.00 MB
[2016.06.26-21.03.44:226][  0]LogMeshUtilities: No automatic mesh reduction module available
[2016.06.26-21.03.44:226][  0]LogMeshUtilities: No automatic mesh merging module available
[2016.06.26-21.03.44:226][  0]LogMeshUtilities: No distributed automatic mesh merging module available
[2016.06.26-21.03.44:748][  0]LogAssetRegistry: FAssetRegistry took 0.0228 seconds to start up
[2016.06.26-21.03.44:790][  0]LogPackageLocalizationCache: Processed 3 localized package path(s) for 2 prioritized culture(s) in 0.035860 seconds
[2016.06.26-21.03.44:804][  0]LogUObjectArray: 28739 objects as part of root set at end of initial load.
[2016.06.26-21.03.44:804][  0]LogUObjectAllocator: 5855624 out of 0 bytes used by permanent object pool.
[2016.06.26-21.03.44:804][  0]LogUObjectArray: CloseDisregardForGC: 0/0 objects in disregard for GC pool
[2016.06.26-21.03.44:816][  0]LogInit: WinSock: version 1.1 (2.2), MaxSocks=32767, MaxUdp=65467
[2016.06.26-21.03.45:099][  0]LogSlate: SlateFontCache - WITH_FREETYPE: 1, WITH_HARFBUZZ: 1
[2016.06.26-21.03.45:099][  0]LogSlate: SlateFontCache - WITH_FREETYPE: 1, WITH_HARFBUZZ: 1
[2016.06.26-21.03.45:924][  0]LogUdpMessaging: Initializing bridge on interface 0.0.0.0:0 to multicast group 230.0.0.1:6666.
[2016.06.26-21.03.46:211][  0]SourceControl: Info Source control is disabled
[2016.06.26-21.03.46:213][  0]SourceControl: Info Source control is disabled
[2016.06.26-21.03.46:227][  0]SourceControl: Info Source control is disabled
[2016.06.26-21.03.46:242][  0]SourceControl: Info Source control is disabled
[2016.06.26-21.03.46:554][  0]LogEngine: Initializing Engine...
[2016.06.26-21.03.46:555][  0]LogHMD: SteamVR failed to initialize.  Err: 110
[2016.06.26-21.03.46:555][  0]LogHMD: SteamVR failed to initialize.  Err: 110
[2016.06.26-21.03.46:811][  0]LogAIModule: Creating AISystem for world NewWorld
[2016.06.26-21.03.46:819][  0]LogInit: XAudio2 using 'Speakers (Realtek High Definition Audio)' : 2 channels at 48 kHz using 32 bits per sample (channel mask 0x3)
[2016.06.26-21.03.47:010][  0]LogInit: FAudioDevice initialized.
[2016.06.26-21.03.47:066][  0]LogDerivedDataCache: Saved boot cache 0.06s 48MB C:/Users/Zeetermin/AppData/Local/UnrealEngine/4.12/DerivedDataCache/Boot.ddc.
[2016.06.26-21.03.47:076][  0]LogInit: Texture streaming: Enabled
[2016.06.26-21.03.47:123][  0]LogInit: Transaction tracking system initialized
[2016.06.26-21.03.47:160][  0]BlueprintLog: New page: Editor Load
[2016.06.26-21.03.47:267][  0]LocalizationService: Info Localization service is disabled
[2016.06.26-21.03.47:344][  0]LogConsoleResponse:Display: 
[2016.06.26-21.03.47:542][  0]LogCook:Display: Max memory allowance for cook 8192mb
[2016.06.26-21.03.47:542][  0]LogCook:Display: Mobile HDR setting 1
[2016.06.26-21.03.47:741][  0]LogFileCache: Scanning file cache for directory 'C:/Users/Zeetermin/Documents/GitHub/Wick/Wick/Content/' took 0.01s
[2016.06.26-21.03.47:741][  0]SourceControl: Info Source control is disabled
[2016.06.26-21.03.47:741][  0]Cmd: MAP LOAD FILE="../../../../../../Users/Zeetermin/Documents/GitHub/Wick/Wick/Content/2DSideScrollerBP/Maps/2DSideScrollerExampleMap.umap" TEMPLATE=0 SHOWPROGRESS=1 FEATURELEVEL=3
[2016.06.26-21.03.47:742][  0]LightingResults: New page: Lighting Build
[2016.06.26-21.03.47:747][  0]MapCheck: New page: Map Check
[2016.06.26-21.03.47:747][  0]LightingResults: New page: Lighting Build
[2016.06.26-21.03.48:235][  0]LogBlueprint:Warning: Compiler Warning InputAction Event references unknown Action 'Attack' for  InputAction Attack 
[2016.06.26-21.03.48:252][  0]LogBlueprint:Warning: Compiler Warning [0009.56] Compile of Player_Wick successful, but with 1 Warning(s) [in 30 ms] (/Game/2DSideScrollerBP/Blueprints/Player/Player_Wick.Player_Wick)
[2016.06.26-21.03.48:252][  0]LogBlueprint:Warning: Compiler Warning [0009.56] Compile of Player_Wick successful, but with 2 Warning(s) [in 0 ms] (/Game/2DSideScrollerBP/Blueprints/Player/Player_Wick.Player_Wick)
[2016.06.26-21.03.48:252][  0]LogBlueprint:Warning: Compiler Warning [0009.56] Compile of Player_Wick successful, but with 3 Warning(s) [in 0 ms] (/Game/2DSideScrollerBP/Blueprints/Player/Player_Wick.Player_Wick)
[2016.06.26-21.03.48:439][  0]LogBlueprint:Warning: Compiler Warning 'Item' is already a 'AI Waypoint', you don't need  Cast To AI_Waypoint .
[2016.06.26-21.03.48:440][  0]LogBlueprint:Warning: Compiler Warning [0009.75] Compile of AI_Task_NextRoute successful, but with 1 Warning(s) [in 6 ms] (/Game/2DSideScrollerBP/Blueprints/AI/AI_Task_NextRoute.AI_Task_NextRoute)
[2016.06.26-21.03.48:441][  0]LogBlueprint:Warning: Compiler Warning [0009.75] Compile of AI_Task_NextRoute successful, but with 2 Warning(s) [in 0 ms] (/Game/2DSideScrollerBP/Blueprints/AI/AI_Task_NextRoute.AI_Task_NextRoute)
[2016.06.26-21.03.48:441][  0]LogBlueprint:Warning: Compiler Warning [0009.75] Compile of AI_Task_NextRoute successful, but with 3 Warning(s) [in 0 ms] (/Game/2DSideScrollerBP/Blueprints/AI/AI_Task_NextRoute.AI_Task_NextRoute)
[2016.06.26-21.03.48:823][  0]LogBlueprint:Warning: Compiler Warning InputAction Event references unknown Action 'Attack' for  InputAction Attack 
[2016.06.26-21.03.48:837][  0]LogBlueprint:Warning: Compiler Warning [0010.15] Compile of Player_Wick successful, but with 1 Warning(s) [in 31 ms] (/Game/2DSideScrollerBP/Blueprints/Player/Player_Wick.Player_Wick)
[2016.06.26-21.03.48:837][  0]LogBlueprint:Warning: Compiler Warning [0010.15] Compile of Player_Wick successful, but with 2 Warning(s) [in 0 ms] (/Game/2DSideScrollerBP/Blueprints/Player/Player_Wick.Player_Wick)
[2016.06.26-21.03.48:838][  0]LogBlueprint:Warning: Compiler Warning [0010.15] Compile of Player_Wick successful, but with 3 Warning(s) [in 0 ms] (/Game/2DSideScrollerBP/Blueprints/Player/Player_Wick.Player_Wick)
[2016.06.26-21.03.48:873][  0]LogBlueprint:Warning: Compiler Warning 'Item' is already a 'AI Waypoint', you don't need  Cast To AI_Waypoint .
[2016.06.26-21.03.48:874][  0]LogBlueprint:Warning: Compiler Warning [0010.19] Compile of AI_Task_NextRoute successful, but with 1 Warning(s) [in 6 ms] (/Game/2DSideScrollerBP/Blueprints/AI/AI_Task_NextRoute.AI_Task_NextRoute)
[2016.06.26-21.03.48:874][  0]LogBlueprint:Warning: Compiler Warning [0010.19] Compile of AI_Task_NextRoute successful, but with 2 Warning(s) [in 0 ms] (/Game/2DSideScrollerBP/Blueprints/AI/AI_Task_NextRoute.AI_Task_NextRoute)
[2016.06.26-21.03.48:874][  0]LogBlueprint:Warning: Compiler Warning [0010.19] Compile of AI_Task_NextRoute successful, but with 3 Warning(s) [in 0 ms] (/Game/2DSideScrollerBP/Blueprints/AI/AI_Task_NextRoute.AI_Task_NextRoute)
[2016.06.26-21.03.54:120][  0]LogAIModule: Creating AISystem for world 2DSideScrollerExampleMap
[2016.06.26-21.03.54:128][  0]LogEditorServer: Finished looking for orphan Actors (0.000 secs)
[2016.06.26-21.03.54:130][  0]Cmd: MAP CHECKDEP NOCLEARLOG
[2016.06.26-21.03.54:212][  0]MapCheck: Info Map check complete: 0 Error(s), 0 Warning(s), took 81.788ms to complete.
[2016.06.26-21.03.54:213][  0]LogFileHelpers: Loading map '2DSideScrollerExampleMap' took 6.471
[2016.06.26-21.03.54:400][  0]LogCollectionManager: Loaded 0 collections in 0.002716 seconds
[2016.06.26-21.03.54:443][  0]LogFileCache: Scanning file cache for directory 'C:/Users/Zeetermin/Documents/GitHub/Wick/Wick/Saved/Collections/' took 0.01s
[2016.06.26-21.03.54:443][  0]LogFileCache: Scanning file cache for directory 'C:/Users/Zeetermin/Documents/GitHub/Wick/Wick/Content/Developers/Zeetermin/Collections/' took 0.01s
[2016.06.26-21.03.54:443][  0]LogFileCache: Scanning file cache for directory 'C:/Users/Zeetermin/Documents/GitHub/Wick/Wick/Content/Collections/' took 0.01s
[2016.06.26-21.03.54:443][  0]LogCollectionManager: Rebuilt the GUID cache for 0 collections in 0.000004 seconds
[2016.06.26-21.03.54:459][  0]LogContentBrowser: Native class hierarchy populated in 0.0157 seconds. Added 2047 classes and 369 folders.
[2016.06.26-21.03.54:465][  0]LogStats: UGameplayTagsManager::ConstructGameplayTagTree: Construct from data asset -  0.000 s
[2016.06.26-21.03.54:465][  0]LogStats: UGameplayTagsManager::ConstructGameplayTagTree: GameplayTagTreeChangedEvent.Broadcast -  0.000 s
[2016.06.26-21.03.54:466][  0]LogContentBrowser: Native class hierarchy updated for 'GameplayTags' in 0.0006 seconds. Added 12 classes and 0 folders.
[2016.06.26-21.03.54:472][  0]LogContentBrowser: Native class hierarchy updated for 'WidgetCarousel' in 0.0004 seconds. Added 0 classes and 0 folders.
[2016.06.26-21.03.54:477][  0]LogContentBrowser: Native class hierarchy updated for 'AddContentDialog' in 0.0005 seconds. Added 0 classes and 0 folders.
[2016.06.26-21.03.54:487][  0]LogContentBrowser: Native class hierarchy updated for 'SceneOutliner' in 0.0008 seconds. Added 1 classes and 2 folders.
[2016.06.26-21.03.54:511][  0]LogCrashTracker: Crashtracker disabled due to settings.
[2016.06.26-21.03.54:522][  0]LogUObjectGlobals:Warning: Failed to find object 'Class None.'
[2016.06.26-21.03.54:554][  0]LogContentBrowser: Native class hierarchy updated for 'HierarchicalLODOutliner' in 0.0009 seconds. Added 1 classes and 2 folders.
[2016.06.26-21.03.54:555][  0]LogLoad: Full Startup: 15.87 seconds (BP compile: 0.54 seconds)
[2016.06.26-21.03.54:555][  0]LogExternalProfiler: No external profilers were discovered.  External profiling features will not be available.
[2016.06.26-21.03.54:574][  0]LogWindowsTextInputMethodSystem:Display: IME system now deactivated.
[2016.06.26-21.03.54:574][  0]LogWindowsTextInputMethodSystem:Display: IME system now deactivated.
[2016.06.26-21.03.54:574][  0]LogOcInput: OculusInput pre-init called
[2016.06.26-21.03.54:598][  0]LogContentStreaming: Texture pool size now 1000 MB
[2016.06.26-21.03.54:792][  0]LogRenderer: Reallocating scene render targets to support 964x436 (Frame:2).
[2016.06.26-21.03.55:042][  2]LogAssetRegistry: Asset discovery search completed in 10.3163 seconds
[2016.06.26-21.03.55:042][  2]LogCollectionManager: Rebuilt the object cache for 0 collections in 0.000001 seconds (found 0 objects)
[2016.06.26-21.03.55:042][  2]LogCollectionManager: Fixed up redirectors for 0 collections in 0.000029 seconds (updated 0 objects)
[2016.06.26-21.03.58:966][215]LogBlueprintUserMessages: Early PlayInEditor Detection: Level '/Game/2DSideScrollerBP/Maps/2DSideScrollerExampleMap.2DSideScrollerExampleMap:PersistentLevel' has LevelScriptBlueprint '/Game/2DSideScrollerBP/Maps/2DSideScrollerExampleMap.2DSideScrollerExampleMap:PersistentLevel.2DSideScrollerExampleMap' with GeneratedClass '/Game/2DSideScrollerBP/Maps/2DSideScrollerExampleMap.2DSideScrollerExampleMap_C' with ClassGeneratedBy '/Game/2DSideScrollerBP/Maps/2DSideScrollerExampleMap.2DSideScrollerExampleMap:PersistentLevel.2DSideScrollerExampleMap'
[2016.06.26-21.03.58:967][215]LogPlayLevel: PlayLevel: No blueprints needed recompiling
[2016.06.26-21.03.58:968][215]PIE: New page: PIE session: 2DSideScrollerExampleMap (Jun 26, 2016, 12:03:58 PM)
[2016.06.26-21.03.58:968][215]LogPlayLevel: Creating play world package: /Game/2DSideScrollerBP/Maps/UEDPIE_0_2DSideScrollerExampleMap
[2016.06.26-21.03.58:975][215]LogPlayLevel: PIE: StaticDuplicateObject took: (0.006463s)
[2016.06.26-21.03.58:975][215]LogAIModule: Creating AISystem for world 2DSideScrollerExampleMap
[2016.06.26-21.03.58:976][215]LogPlayLevel: PIE: World Init took: (0.000710s)
[2016.06.26-21.03.58:976][215]LogPlayLevel: PIE: Created PIE world by copying editor world from /Game/2DSideScrollerBP/Maps/2DSideScrollerExampleMap.2DSideScrollerExampleMap to /Game/2DSideScrollerBP/Maps/UEDPIE_0_2DSideScrollerExampleMap.2DSideScrollerExampleMap (0.007479s)
[2016.06.26-21.03.59:059][215]LogInit: XAudio2 using 'Speakers (Realtek High Definition Audio)' : 2 channels at 48 kHz using 32 bits per sample (channel mask 0x3)
[2016.06.26-21.03.59:068][215]LogInit: FAudioDevice initialized.
[2016.06.26-21.03.59:133][215]LogWorld: Game class is '2DSideScrollerGameMode_C'
[2016.06.26-21.03.59:138][215]LogWorld: Bringing World /Game/2DSideScrollerBP/Maps/UEDPIE_0_2DSideScrollerExampleMap.2DSideScrollerExampleMap up for play (max tick rate 60) at 2016.06.26-17.03.59
[2016.06.26-21.03.59:139][215]LogWorld: Bringing up level for play took: 0.004378
[2016.06.26-21.03.59:144][215]LogContentBrowser: Native class hierarchy updated for 'MovieSceneCapture' in 0.0007 seconds. Added 11 classes and 0 folders.
[2016.06.26-21.03.59:276][215]PIE: Info Play in editor start time for /Game/2DSideScrollerBP/Maps/UEDPIE_0_2DSideScrollerExampleMap -0.655
[2016.06.26-21.03.59:277][215]LogBlueprintUserMessages: Late PlayInEditor Detection: Level '/Game/2DSideScrollerBP/Maps/2DSideScrollerExampleMap.2DSideScrollerExampleMap:PersistentLevel' has LevelScriptBlueprint '/Game/2DSideScrollerBP/Maps/2DSideScrollerExampleMap.2DSideScrollerExampleMap:PersistentLevel.2DSideScrollerExampleMap' with GeneratedClass '/Game/2DSideScrollerBP/Maps/2DSideScrollerExampleMap.2DSideScrollerExampleMap_C' with ClassGeneratedBy '/Game/2DSideScrollerBP/Maps/2DSideScrollerExampleMap.2DSideScrollerExampleMap:PersistentLevel.2DSideScrollerExampleMap'
[2016.06.26-21.03.59:318][215]LogRenderer: Reallocating scene render targets to support 972x676 (Frame:5).
[2016.06.26-21.04.06:734][579]LogBlueprintUserMessages: Early EndPlayMap Detection: Level '/Game/2DSideScrollerBP/Maps/2DSideScrollerExampleMap.2DSideScrollerExampleMap:PersistentLevel' has LevelScriptBlueprint '/Game/2DSideScrollerBP/Maps/2DSideScrollerExampleMap.2DSideScrollerExampleMap:PersistentLevel.2DSideScrollerExampleMap' with GeneratedClass '/Game/2DSideScrollerBP/Maps/2DSideScrollerExampleMap.2DSideScrollerExampleMap_C' with ClassGeneratedBy '/Game/2DSideScrollerBP/Maps/2DSideScrollerExampleMap.2DSideScrollerExampleMap:PersistentLevel.2DSideScrollerExampleMap'
[2016.06.26-21.04.06:795][579]LogBlueprintUserMessages: Late EndPlayMap Detection: Level '/Game/2DSideScrollerBP/Maps/2DSideScrollerExampleMap.2DSideScrollerExampleMap:PersistentLevel' has LevelScriptBlueprint '/Game/2DSideScrollerBP/Maps/2DSideScrollerExampleMap.2DSideScrollerExampleMap:PersistentLevel.2DSideScrollerExampleMap' with GeneratedClass '/Game/2DSideScrollerBP/Maps/2DSideScrollerExampleMap.2DSideScrollerExampleMap_C' with ClassGeneratedBy '/Game/2DSideScrollerBP/Maps/2DSideScrollerExampleMap.2DSideScrollerExampleMap:PersistentLevel.2DSideScrollerExampleMap'
[2016.06.26-21.04.08:351][655]LogWindowsTextInputMethodSystem:Display: IME system now deactivated.
[2016.06.26-21.04.08:351][655]LogWindowsTextInputMethodSystem:Display: IME system now deactivated.
[2016.06.26-21.04.08:694][656]Cmd: QUIT_EDITOR
[2016.06.26-21.04.09:239][656]LogExit: Preparing to exit.
[2016.06.26-21.04.10:090][656]LogExit: Editor shut down
[2016.06.26-21.04.10:091][656]LogExit: Transaction tracking system shut down
[2016.06.26-21.04.10:254][656]LogObj: Freed 0b from 0 cluster array pools.
[2016.06.26-21.04.10:254][656]LogExit: Object subsystem successfully closed.
[2016.06.26-21.04.10:275][656]LogD3D11RHI: Shutdown
[2016.06.26-21.04.10:275][656]LogD3D11RHI: CleanupD3DDevice
[2016.06.26-21.04.10:358][656]LogD3D11RHI: ~FD3D11DynamicRHI
[2016.06.26-21.04.10:377][656]LogModuleManager: Shutting down and abandoning module MovieSceneCapture (214)
[2016.06.26-21.04.10:378][656]LogModuleManager: Shutting down and abandoning module HierarchicalLODOutliner (213)
[2016.06.26-21.04.10:378][656]LogModuleManager: Shutting down and abandoning module CrashTracker (212)
[2016.06.26-21.04.10:378][656]LogModuleManager: Shutting down and abandoning module SceneOutliner (211)
[2016.06.26-21.04.10:378][656]LogModuleManager: Shutting down and abandoning module WidgetCarousel (210)
[2016.06.26-21.04.10:378][656]LogModuleManager: Shutting down and abandoning module AddContentDialog (209)
[2016.06.26-21.04.10:378][656]LogModuleManager: Shutting down and abandoning module GameplayTags (208)
[2016.06.26-21.04.10:378][656]LogModuleManager: Shutting down and abandoning module EditorWidgets (207)
[2016.06.26-21.04.10:378][656]LogModuleManager: Shutting down and abandoning module CollectionManager (206)
[2016.06.26-21.04.10:378][656]LogModuleManager: Shutting down and abandoning module StatsViewer (205)
[2016.06.26-21.04.10:378][656]LogModuleManager: Shutting down and abandoning module FoliageEdit (204)
[2016.06.26-21.04.10:378][656]LogModuleManager: Shutting down and abandoning module LandscapeEditor (203)
[2016.06.26-21.04.10:379][656]LogModuleManager: Shutting down and abandoning module SceneDepthPickerMode (202)
[2016.06.26-21.04.10:379][656]LogModuleManager: Shutting down and abandoning module ActorPickerMode (201)
[2016.06.26-21.04.10:379][656]LogModuleManager: Shutting down and abandoning module GeometryMode (200)
[2016.06.26-21.04.10:379][656]LogModuleManager: Shutting down and abandoning module TextureAlignMode (199)
[2016.06.26-21.04.10:379][656]LogModuleManager: Shutting down and abandoning module BspMode (198)
[2016.06.26-21.04.10:379][656]LogModuleManager: Shutting down and abandoning module HardwareSurvey (197)
[2016.06.26-21.04.10:379][656]LogModuleManager: Shutting down and abandoning module SequenceRecorderSections (196)
[2016.06.26-21.04.10:379][656]LogModuleManager: Shutting down and abandoning module SequenceRecorder (195)
[2016.06.26-21.04.10:379][656]LogModuleManager: Shutting down and abandoning module AutomationWorker (194)
[2016.06.26-21.04.10:379][656]LogModuleManager: Shutting down and abandoning module MatineeToLevelSequence (193)
[2016.06.26-21.04.10:379][656]LogModuleManager: Shutting down and abandoning module PlacementMode (192)
[2016.06.26-21.04.10:379][656]LogModuleManager: Shutting down and abandoning module LevelSequenceEditor (191)
[2016.06.26-21.04.10:379][656]LogModuleManager: Shutting down and abandoning module CharacterAI (190)
[2016.06.26-21.04.10:380][656]LogModuleManager: Shutting down and abandoning module SmartSnapping (189)
[2016.06.26-21.04.10:380][656]LogModuleManager: Shutting down and abandoning module SessionServices (188)
[2016.06.26-21.04.10:380][656]LogModuleManager: Shutting down and abandoning module ViewportSnapping (187)
[2016.06.26-21.04.10:380][656]LogModuleManager: Shutting down and abandoning module LogVisualizer (186)
[2016.06.26-21.04.10:380][656]LogModuleManager: Shutting down and abandoning module GameProjectGeneration (185)
[2016.06.26-21.04.10:380][656]LogModuleManager: Shutting down and abandoning module IntroTutorials (184)
[2016.06.26-21.04.10:380][656]LogModuleManager: Shutting down and abandoning module EditorLiveStreaming (183)
[2016.06.26-21.04.10:380][656]LogModuleManager: Shutting down and abandoning module IOSPlatformEditor (182)
[2016.06.26-21.04.10:380][656]LogModuleManager: Shutting down and abandoning module HTML5PlatformEditor (181)
[2016.06.26-21.04.10:380][656]LogModuleManager: Shutting down and abandoning module AndroidDeviceDetection (180)
[2016.06.26-21.04.11:317][656]LogModuleManager: Shutting down and abandoning module AndroidPlatformEditor (179)
[2016.06.26-21.04.11:317][656]LogModuleManager: Shutting down and abandoning module IOSRuntimeSettings (178)
[2016.06.26-21.04.11:317][656]LogModuleManager: Shutting down and abandoning module AndroidRuntimeSettings (177)
[2016.06.26-21.04.11:317][656]LogModuleManager: Shutting down and abandoning module MergeActors (176)
[2016.06.26-21.04.11:317][656]LogModuleManager: Shutting down and abandoning module SizeMap (175)
[2016.06.26-21.04.11:317][656]LogModuleManager: Shutting down and abandoning module TreeMap (174)
[2016.06.26-21.04.11:317][656]LogModuleManager: Shutting down and abandoning module ReferenceViewer (173)
[2016.06.26-21.04.11:317][656]LogModuleManager: Shutting down and abandoning module LocalizationService (172)
[2016.06.26-21.04.11:317][656]LogModuleManager: Shutting down and abandoning module LocalizationDashboard (171)
[2016.06.26-21.04.11:317][656]LogModuleManager: Shutting down and abandoning module HardwareTargeting (170)
[2016.06.26-21.04.11:317][656]LogModuleManager: Shutting down and abandoning module DeviceProfileEditor (169)
[2016.06.26-21.04.11:318][656]LogModuleManager: Shutting down and abandoning module UndoHistory (168)
[2016.06.26-21.04.11:318][656]LogModuleManager: Shutting down and abandoning module UserFeedback (167)
[2016.06.26-21.04.11:318][656]LogModuleManager: Shutting down and abandoning module XmlParser (166)
[2016.06.26-21.04.11:318][656]LogModuleManager: Shutting down and abandoning module Blutility (165)
[2016.06.26-21.04.11:318][656]LogModuleManager: Shutting down and abandoning module ProjectTargetPlatformEditor (164)
[2016.06.26-21.04.11:318][656]LogModuleManager: Shutting down and abandoning module ProjectSettingsViewer (163)
[2016.06.26-21.04.11:318][656]LogModuleManager: Shutting down and abandoning module InputBindingEditor (162)
[2016.06.26-21.04.11:318][656]LogModuleManager: Shutting down and abandoning module EditorSettingsViewer (161)
[2016.06.26-21.04.11:318][656]LogModuleManager: Shutting down and abandoning module SettingsEditor (160)
[2016.06.26-21.04.11:318][656]LogModuleManager: Shutting down and abandoning module ProjectLauncher (159)
[2016.06.26-21.04.11:318][656]LogModuleManager: Shutting down and abandoning module SessionFrontend (158)
[2016.06.26-21.04.11:318][656]LogModuleManager: Shutting down and abandoning module ProfilerClient (157)
[2016.06.26-21.04.11:318][656]LogModuleManager: Shutting down and abandoning module TargetDeviceServices (156)
[2016.06.26-21.04.11:318][656]LogModuleManager: Shutting down and abandoning module DeviceManager (155)
[2016.06.26-21.04.11:361][656]LogModuleManager: Shutting down and abandoning module AutomationController (154)
[2016.06.26-21.04.11:361][656]LogModuleManager: Shutting down and abandoning module AutomationWindow (153)
[2016.06.26-21.04.11:361][656]LogModuleManager: Shutting down and abandoning module Layers (152)
[2016.06.26-21.04.11:361][656]LogModuleManager: Shutting down and abandoning module ComponentVisualizers (151)
[2016.06.26-21.04.11:361][656]LogModuleManager: Shutting down and abandoning module DetailCustomizations (150)
[2016.06.26-21.04.11:361][656]LogModuleManager: Shutting down and abandoning module PackagesDialog (149)
[2016.06.26-21.04.11:361][656]LogModuleManager: Shutting down and abandoning module Persona (148)
[2016.06.26-21.04.11:361][656]LogModuleManager: Shutting down and abandoning module Kismet (147)
[2016.06.26-21.04.11:361][656]LogModuleManager: Shutting down and abandoning module GraphEditor (146)
[2016.06.26-21.04.11:361][656]LogModuleManager: Shutting down and abandoning module ClassViewer (145)
[2016.06.26-21.04.11:361][656]LogModuleManager: Shutting down and abandoning module Toolbox (144)
[2016.06.26-21.04.11:361][656]LogModuleManager: Shutting down and abandoning module ModuleUI (143)
[2016.06.26-21.04.11:362][656]LogModuleManager: Shutting down and abandoning module MovieSceneTools (142)
[2016.06.26-21.04.11:362][656]LogModuleManager: Shutting down and abandoning module OutputLog (141)
[2016.06.26-21.04.11:362][656]LogModuleManager: Shutting down and abandoning module GammaUI (140)
[2016.06.26-21.04.11:362][656]LogModuleManager: Shutting down and abandoning module Documentation (139)
[2016.06.26-21.04.11:362][656]LogModuleManager: Shutting down and abandoning module StreamingPauseRendering (138)
[2016.06.26-21.04.11:362][656]LogModuleManager: Shutting down and abandoning module AnalyticsET (137)
[2016.06.26-21.04.11:362][656]LogModuleManager: Shutting down and abandoning module Analytics (136)
[2016.06.26-21.04.11:362][656]LogModuleManager: Shutting down and abandoning module PortalServices (135)
[2016.06.26-21.04.11:362][656]LogModuleManager: Shutting down and abandoning module PortalRpc (134)
[2016.06.26-21.04.11:362][656]LogModuleManager: Shutting down and abandoning module MessagingRpc (133)
[2016.06.26-21.04.11:362][656]LogModuleManager: Shutting down and abandoning module GameplayDebugger (132)
[2016.06.26-21.04.11:362][656]LogModuleManager: Shutting down and abandoning module AITestSuite (131)
[2016.06.26-21.04.11:362][656]LogModuleManager: Shutting down and abandoning module AIModule (130)
[2016.06.26-21.04.11:362][656]LogModuleManager: Shutting down and abandoning module ProfilerService (129)
[2016.06.26-21.04.11:548][656]LogModuleManager: Shutting down and abandoning module TaskGraph (128)
[2016.06.26-21.04.11:548][656]LogModuleManager: Shutting down and abandoning module SlateRemote (127)
[2016.06.26-21.04.11:548][656]LogModuleManager: Shutting down and abandoning module SteamVRController (126)
[2016.06.26-21.04.11:548][656]LogModuleManager: Shutting down and abandoning module SteamVR (125)
[2016.06.26-21.04.11:548][656]LogModuleManager: Shutting down and abandoning module ProceduralMeshComponent (124)
[2016.06.26-21.04.11:548][656]LogModuleManager: Shutting down and abandoning module OculusLibrary (123)
[2016.06.26-21.04.11:548][656]LogModuleManager: Shutting down and abandoning module OculusInput (122)
[2016.06.26-21.04.11:548][656]LogModuleManager: Shutting down and abandoning module CustomMeshComponent (121)
[2016.06.26-21.04.11:548][656]LogModuleManager: Shutting down and abandoning module CableComponent (120)
[2016.06.26-21.04.11:548][656]LogModuleManager: Shutting down and abandoning module ArchVisCharacter (119)
[2016.06.26-21.04.11:548][656]LogModuleManager: Shutting down and abandoning module MediaPlayerEditor (118)
[2016.06.26-21.04.11:548][656]LogModuleManager: Shutting down and abandoning module HTML5Networking (117)
[2016.06.26-21.04.11:548][656]LogModuleManager: Shutting down and abandoning module SuperSearch (116)
[2016.06.26-21.04.11:548][656]LogModuleManager: Shutting down and abandoning module SuperSearchEditor (115)
[2016.06.26-21.04.11:548][656]LogModuleManager: Shutting down and abandoning module SpeedTreeImporter (114)
[2016.06.26-21.04.11:548][656]LogModuleManager: Shutting down and abandoning module PluginBrowser (113)
[2016.06.26-21.04.11:548][656]LogModuleManager: Shutting down and abandoning module EpicSurvey (112)
[2016.06.26-21.04.11:548][656]LogModuleManager: Shutting down and abandoning module DesktopPlatform (111)
[2016.06.26-21.04.11:548][656]LogModuleManager: Shutting down and abandoning module VisualStudioSourceCodeAccess (110)
[2016.06.26-21.04.11:548][656]LogModuleManager: Shutting down and abandoning module UObjectPlugin (109)
[2016.06.26-21.04.11:548][656]LogModuleManager: Shutting down and abandoning module SubversionSourceControl (108)
[2016.06.26-21.04.11:548][656]LogModuleManager: Shutting down and abandoning module PerforceSourceControl (107)
[2016.06.26-21.04.11:548][656]LogModuleManager: Shutting down and abandoning module SourceControl (106)
[2016.06.26-21.04.11:549][656]LogModuleManager: Shutting down and abandoning module GitSourceControl (105)
[2016.06.26-21.04.11:549][656]LogModuleManager: Shutting down and abandoning module LightPropagationVolumeEditor (104)
[2016.06.26-21.04.11:549][656]LogModuleManager: Shutting down and abandoning module PaperTiledImporter (103)
[2016.06.26-21.04.11:549][656]LogModuleManager: Shutting down and abandoning module PaperSpriteSheetImporter (102)
[2016.06.26-21.04.11:549][656]LogModuleManager: Shutting down and abandoning module MeshPaint (101)
[2016.06.26-21.04.11:549][656]LogModuleManager: Shutting down and abandoning module PixelInspectorModule (100)
[2016.06.26-21.04.11:549][656]LogModuleManager: Shutting down and abandoning module HotReload (99)
[2016.06.26-21.04.11:549][656]LogModuleManager: Shutting down and abandoning module MainFrame (98)
[2016.06.26-21.04.11:549][656]LogModuleManager: Shutting down and abandoning module LevelEditor (97)
[2016.06.26-21.04.11:550][656]LogModuleManager: Shutting down and abandoning module ContentBrowser (96)
[2016.06.26-21.04.11:550][656]LogModuleManager: Shutting down and abandoning module Paper2DEditor (95)
[2016.06.26-21.04.11:550][656]LogModuleManager: Shutting down and abandoning module UdpMessaging (94)
[2016.06.26-21.04.11:652][656]LogModuleManager: Shutting down and abandoning module LightPropagationVolumeRuntime (93)
[2016.06.26-21.04.11:652][656]LogModuleManager: Shutting down and abandoning module Paper2D (92)
[2016.06.26-21.04.11:652][656]LogModuleManager: Shutting down and abandoning module WindowsMoviePlayer (91)
[2016.06.26-21.04.11:652][656]LogModuleManager: Shutting down and abandoning module Media (90)
[2016.06.26-21.04.11:652][656]LogModuleManager: Shutting down and abandoning module WmfMedia (89)
[2016.06.26-21.04.11:652][656]LogModuleManager: Shutting down and abandoning module MediaAssets (88)
[2016.06.26-21.04.11:652][656]LogModuleManager: Shutting down and abandoning module GameLiveStreaming (87)
[2016.06.26-21.04.11:652][656]LogModuleManager: Shutting down and abandoning module GameplayTagsEditor (86)
[2016.06.26-21.04.11:652][656]LogModuleManager: Shutting down and abandoning module OnlineBlueprintSupport (85)
[2016.06.26-21.04.11:652][656]LogModuleManager: Shutting down and abandoning module VREditor (84)
[2016.06.26-21.04.11:652][656]LogModuleManager: Shutting down and abandoning module GameplayTasksEditor (83)
[2016.06.26-21.04.11:652][656]LogModuleManager: Shutting down and abandoning module PropertyEditor (82)
[2016.06.26-21.04.11:652][656]LogModuleManager: Shutting down and abandoning module BehaviorTreeEditor (81)
[2016.06.26-21.04.11:652][656]LogModuleManager: Shutting down and abandoning module FunctionalTesting (80)
[2016.06.26-21.04.11:652][656]LogModuleManager: Shutting down and abandoning module CollisionAnalyzer (79)
[2016.06.26-21.04.11:652][656]LogModuleManager: Shutting down and abandoning module Sequencer (78)
[2016.06.26-21.04.11:652][656]LogModuleManager: Shutting down and abandoning module WorkspaceMenuStructure (77)
[2016.06.26-21.04.11:652][656]LogModuleManager: Shutting down and abandoning module MessageLog (76)
[2016.06.26-21.04.11:652][656]LogModuleManager: Shutting down and abandoning module AssetTools (75)
[2016.06.26-21.04.11:652][656]LogModuleManager: Shutting down and abandoning module UMGEditor (74)
[2016.06.26-21.04.11:652][656]LogModuleManager: Shutting down and abandoning module UMG (73)
[2016.06.26-21.04.11:652][656]LogModuleManager: Shutting down and abandoning module SlateReflector (72)
[2016.06.26-21.04.11:653][656]LogModuleManager: Shutting down and abandoning module Slate (71)
[2016.06.26-21.04.11:653][656]LogModuleManager: Shutting down and abandoning module EditorStyle (70)
[2016.06.26-21.04.11:656][656]LogModuleManager: Shutting down and abandoning module SourceCodeAccess (69)
[2016.06.26-21.04.11:657][656]LogModuleManager: Shutting down and abandoning module HeadMountedDisplay (68)
[2016.06.26-21.04.11:657][656]LogModuleManager: Shutting down and abandoning module XAudio2 (67)
[2016.06.26-21.04.11:657][656]LogModuleManager: Shutting down and abandoning module Networking (65)
[2016.06.26-21.04.11:657][656]LogModuleManager: Shutting down and abandoning module Core (64)
[2016.06.26-21.04.11:657][656]LogModuleManager: Shutting down and abandoning module DirectoryWatcher (63)
[2016.06.26-21.04.11:660][656]LogModuleManager: Shutting down and abandoning module AssetRegistry (62)
[2016.06.26-21.04.11:901][656]LogModuleManager: Shutting down and abandoning module KismetCompiler (61)
[2016.06.26-21.04.11:901][656]LogModuleManager: Shutting down and abandoning module PhysXFormats (60)
[2016.06.26-21.04.11:901][656]LogModuleManager: Shutting down and abandoning module MeshUtilities (59)
[2016.06.26-21.04.11:901][656]LogModuleManager: Shutting down and abandoning module DerivedDataCache (58)
[2016.06.26-21.04.12:069][656]LogDerivedDataCache: Shutdown
[2016.06.26-21.04.12:069][656]LogModuleManager: Shutting down and abandoning module VulkanShaderFormat (57)
[2016.06.26-21.04.12:069][656]LogModuleManager: Shutting down and abandoning module ShaderFormatOpenGL (56)
[2016.06.26-21.04.12:069][656]LogModuleManager: Shutting down and abandoning module ShaderFormatD3D (55)
[2016.06.26-21.04.12:069][656]LogModuleManager: Shutting down and abandoning module MetalShaderFormat (54)
[2016.06.26-21.04.12:069][656]LogModuleManager: Shutting down and abandoning module TextureFormatUncompressed (53)
[2016.06.26-21.04.12:069][656]LogModuleManager: Shutting down and abandoning module TextureFormatPVR (52)
[2016.06.26-21.04.12:069][656]LogModuleManager: Shutting down and abandoning module TextureFormatIntelISPCTexComp (51)
[2016.06.26-21.04.12:070][656]LogModuleManager: Shutting down and abandoning module TextureFormatDXT (50)
[2016.06.26-21.04.12:070][656]LogModuleManager: Shutting down and abandoning module ImageWrapper (49)
[2016.06.26-21.04.12:070][656]LogModuleManager: Shutting down and abandoning module TextureFormatASTC (48)
[2016.06.26-21.04.12:070][656]LogModuleManager: Shutting down and abandoning module TextureFormatAndroid (47)
[2016.06.26-21.04.12:070][656]LogModuleManager: Shutting down and abandoning module AudioFormatOpus (46)
[2016.06.26-21.04.12:070][656]LogModuleManager: Shutting down and abandoning module AudioFormatOgg (45)
[2016.06.26-21.04.12:070][656]LogModuleManager: Shutting down and abandoning module AudioFormatADPCM (44)
[2016.06.26-21.04.12:070][656]LogModuleManager: Shutting down and abandoning module LinuxTargetPlatform (43)
[2016.06.26-21.04.12:070][656]LogModuleManager: Shutting down and abandoning module LinuxServerTargetPlatform (42)
[2016.06.26-21.04.12:070][656]LogModuleManager: Shutting down and abandoning module LinuxNoEditorTargetPlatform (41)
[2016.06.26-21.04.12:070][656]LogModuleManager: Shutting down and abandoning module TVOSTargetPlatform (40)
[2016.06.26-21.04.12:070][656]LogModuleManager: Shutting down and abandoning module Messaging (39)
[2016.06.26-21.04.12:070][656]LogModuleManager: Shutting down and abandoning module IOSTargetPlatform (38)
[2016.06.26-21.04.12:070][656]LogModuleManager: Shutting down and abandoning module HTML5TargetPlatform (37)
[2016.06.26-21.04.12:070][656]LogModuleManager: Shutting down and abandoning module Android_PVRTCTargetPlatform (36)
[2016.06.26-21.04.12:070][656]LogModuleManager: Shutting down and abandoning module Android_MultiTargetPlatform (35)
[2016.06.26-21.04.12:070][656]LogModuleManager: Shutting down and abandoning module Android_ETC2TargetPlatform (34)
[2016.06.26-21.04.12:070][656]LogModuleManager: Shutting down and abandoning module Android_ETC1TargetPlatform (33)
[2016.06.26-21.04.12:070][656]LogModuleManager: Shutting down and abandoning module Android_DXTTargetPlatform (32)
[2016.06.26-21.04.12:070][656]LogModuleManager: Shutting down and abandoning module Android_ATCTargetPlatform (31)
[2016.06.26-21.04.12:070][656]LogModuleManager: Shutting down and abandoning module Android_ASTCTargetPlatform (30)
[2016.06.26-21.04.12:070][656]LogModuleManager: Shutting down and abandoning module AndroidTargetPlatform (29)
[2016.06.26-21.04.12:070][656]LogModuleManager: Shutting down and abandoning module WindowsTargetPlatform (28)
[2016.06.26-21.04.12:070][656]LogModuleManager: Shutting down and abandoning module WindowsServerTargetPlatform (27)
[2016.06.26-21.04.12:070][656]LogModuleManager: Shutting down and abandoning module WindowsNoEditorTargetPlatform (26)
[2016.06.26-21.04.12:070][656]LogModuleManager: Shutting down and abandoning module WindowsClientTargetPlatform (25)
[2016.06.26-21.04.12:070][656]LogModuleManager: Shutting down and abandoning module AllDesktopTargetPlatform (24)
[2016.06.26-21.04.12:070][656]LogModuleManager: Shutting down and abandoning module TargetPlatform (23)
[2016.06.26-21.04.12:070][656]LogModuleManager: Shutting down and abandoning module InputCore (22)
[2016.06.26-21.04.12:070][656]LogModuleManager: Shutting down and abandoning module Settings (21)
[2016.06.26-21.04.12:070][656]LogModuleManager: Shutting down and abandoning module OnlineSubsystem (19)
[2016.06.26-21.04.12:070][656]LogModuleManager: Shutting down and abandoning module HTTP (18)
[2016.06.26-21.04.16:601][656]LogModuleManager: Shutting down and abandoning module XMPP (17)
[2016.06.26-21.04.16:601][656]LogModuleManager: Shutting down and abandoning module OculusRift (16)
[2016.06.26-21.04.16:601][656]LogModuleManager: Shutting down and abandoning module ExampleDeviceProfileSelector (15)
[2016.06.26-21.04.16:601][656]LogModuleManager: Shutting down and abandoning module TextureCompressor (14)
[2016.06.26-21.04.16:603][656]LogModuleManager: Shutting down and abandoning module ShaderCore (13)
[2016.06.26-21.04.16:603][656]LogModuleManager: Shutting down and abandoning module Landscape (12)
[2016.06.26-21.04.16:603][656]LogModuleManager: Shutting down and abandoning module SlateRHIRenderer (11)
[2016.06.26-21.04.16:605][656]LogModuleManager: Shutting down and abandoning module OpenGLDrv (10)
[2016.06.26-21.04.16:605][656]LogModuleManager: Shutting down and abandoning module D3D11RHI (9)
[2016.06.26-21.04.16:605][656]LogModuleManager: Shutting down and abandoning module AnimGraphRuntime (8)
[2016.06.26-21.04.16:605][656]LogModuleManager: Shutting down and abandoning module Renderer (7)
[2016.06.26-21.04.16:605][656]LogModuleManager: Shutting down and abandoning module Engine (6)
[2016.06.26-21.04.16:605][656]LogModuleManager: Shutting down and abandoning module CoreUObject (5)
[2016.06.26-21.04.16:605][656]LogModuleManager: Shutting down and abandoning module NetworkFile (4)
[2016.06.26-21.04.16:605][656]LogModuleManager: Shutting down and abandoning module StreamingFile (3)
[2016.06.26-21.04.16:605][656]LogModuleManager: Shutting down and abandoning module SandboxFile (2)
[2016.06.26-21.04.16:605][656]LogModuleManager: Shutting down and abandoning module PakFile (1)
[2016.06.26-21.04.16:609][656]LogExit: Exiting.
[2016.06.26-21.04.16:612][656]Log file closed, 06/26/16 17:04:16
