Log file open, 06/26/16 16:55:50
LogInit:Display: Running engine for game: Wick
LogPlatformFile: Not using cached read wrapper
LogInit:Display: RandInit(1710131416) SRandInit(1710131420).
LogTaskGraph: Started task graph with 4 named threads and 5 total threads with 1 sets of task threads.
LogStats: Stats thread started at 0.081026
LogInit: Version: 4.12.3-3013449+++UE4+Release-4.12
LogInit: API Version: 2992821
LogInit: Net Version: 3013449
LogDevObjectVersion: Number of dev versions registered: 13
LogDevObjectVersion:   Dev-Blueprints (B0D832E4-1F89-4F0D-ACCF-7EB736FD4AA2): 3
LogDevObjectVersion:   Dev-Build (E1C64328-A22C-4D53-A36C-8E866417BD8C): 0
LogDevObjectVersion:   Dev-Core (375EC13C-06E4-48FB-B500-84F0262A717E): 1
LogDevObjectVersion:   Dev-Editor (E4B068ED-F494-42E9-A231-DA0B2E46BB41): 2
LogDevObjectVersion:   Dev-Framework (CFFC743F-43B0-4480-9391-14DF171D2073): 6
LogDevObjectVersion:   Dev-Mobile (B02B49B5-BB20-44E9-A304-32B752E40360): 0
LogDevObjectVersion:   Dev-Networking (A4E4105C-59A1-49B5-A7C5-40C4547EDFEE): 0
LogDevObjectVersion:   Dev-Online (39C831C9-5AE6-47DC-9A44-9C173E1C8E7C): 0
LogDevObjectVersion:   Dev-Physics (78F01B33-EBEA-4F98-B9B4-84EACCB95AA2): 0
LogDevObjectVersion:   Dev-Platform (6631380F-2D4D-43E0-8009-CF276956A95A): 0
LogDevObjectVersion:   Dev-Rendering (12F88B9F-8875-4AFC-A67C-D90C383ABD29): 2
LogDevObjectVersion:   Dev-Sequencer (7B5AE74C-D270-4C10-A958-57980B212A5A): 0
LogDevObjectVersion:   Dev-VR (D7296918-1DD6-4BDD-9DE2-64A83CC13884): 0
LogInit: Compiled (64-bit): Jun 14 2016 17:53:16
LogInit: Compiled with Visual C++: 19.00.23026.00
LogInit: Build Configuration: Development
LogInit: Branch Name: ++UE4+Release-4.12
LogInit: Command line:  
LogInit: Base directory: C:/Program Files (x86)/Epic Games/4.12/Engine/Binaries/Win64/
LogInit: Installed Engine Build: 1
LogInit: Using libcurl 7.41.0
LogInit:  - built for x86_64-pc-win32
LogInit:  - supports SSL with WinSSL
LogInit:  - other features:
LogInit:      CURL_VERSION_SSL
LogInit:      CURL_VERSION_IPV6
LogInit:      CURL_VERSION_ASYNCHDNS
LogInit:      CURL_VERSION_LARGEFILE
LogInit:      CURL_VERSION_IDN
LogInit:  CurlRequestOptions (configurable via config and command line):
LogInit:  - bVerifyPeer = true  - Libcurl will verify peer certificate
LogInit:  - bUseHttpProxy = false  - Libcurl will NOT use HTTP proxy
LogInit:  - bDontReuseConnections = false  - Libcurl will reuse connections
LogInit:  - CertBundlePath = nullptr  - Libcurl will use whatever was configured at build time.
LogInit: Presizing for max 8388607 objects, including 0 objects not considered by GC, pre-allocating 0 bytes for permanent pool.
LogInit: Object subsystem initialized
[2016.06.26-20.55.50:723][  0]LogInit: Selected Device Profile: [Windows]
[2016.06.26-20.55.50:723][  0]LogInit: Applying CVar settings loaded from the selected device profile: [Windows]
[2016.06.26-20.55.50:738][  0]LogInit: Computer: DESKTOP-DDOPD9J
[2016.06.26-20.55.50:739][  0]LogInit: User: Zeetermin
[2016.06.26-20.55.50:739][  0]LogInit: CPU Page size=65536, Cores=2
[2016.06.26-20.55.50:739][  0]LogInit: High frequency timer resolution =2.531255 MHz
[2016.06.26-20.55.50:739][  0]LogMemory: Memory total: Physical=7.8GB (8GB approx)
[2016.06.26-20.55.50:739][  0]LogMemory: Platform Memory Stats for Windows
[2016.06.26-20.55.50:739][  0]LogMemory: Process Physical Memory: 189.03 MB used, 189.03 MB peak
[2016.06.26-20.55.50:739][  0]LogMemory: Process Virtual Memory: 194.75 MB used, 194.75 MB peak
[2016.06.26-20.55.50:739][  0]LogMemory: Physical Memory: 3728.07 MB used, 7986.05 MB total
[2016.06.26-20.55.50:739][  0]LogMemory: Virtual Memory: 551.70 MB used, 134217728.00 MB total
[2016.06.26-20.55.50:895][  0]LogTextLocalizationManager: No specific translations for ('en-US') exist, so ('en') translations will be used.
[2016.06.26-20.55.51:508][  0]LogD3D11RHI: D3D11 adapters:
[2016.06.26-20.55.51:552][  0]LogD3D11RHI:    0. 'NVIDIA GeForce 940M     ' (Feature Level 11_0)
[2016.06.26-20.55.51:552][  0]LogD3D11RHI:       1996/0/3993 MB DedicatedVideo/DedicatedSystem/SharedSystem, Outputs:1, VendorId:0x10de
[2016.06.26-20.55.51:562][  0]LogD3D11RHI:    1. 'Intel(R) HD Graphics 520' (Feature Level 11_0)
[2016.06.26-20.55.51:562][  0]LogD3D11RHI:       128/0/3993 MB DedicatedVideo/DedicatedSystem/SharedSystem, Outputs:0, VendorId:0x8086
[2016.06.26-20.55.51:566][  0]LogD3D11RHI:    2. 'Microsoft Basic Render Driver' (Feature Level 11_0)
[2016.06.26-20.55.51:566][  0]LogD3D11RHI:       0/0/3993 MB DedicatedVideo/DedicatedSystem/SharedSystem, Outputs:0, VendorId:0x1414
[2016.06.26-20.55.51:566][  0]LogD3D11RHI: Chosen D3D11 Adapter: 0
[2016.06.26-20.55.51:574][  0]LogD3D11RHI: Creating new Direct3DDevice
[2016.06.26-20.55.51:574][  0]LogD3D11RHI:     GPU DeviceId: 0x1347 (for the marketing name, search the web for "GPU Device Id")
[2016.06.26-20.55.51:574][  0]LogWindows: EnumDisplayDevices:
[2016.06.26-20.55.51:574][  0]LogWindows:    0. 'Intel(R) HD Graphics 520' (P:1 D:1)
[2016.06.26-20.55.51:575][  0]LogWindows:    1. 'Intel(R) HD Graphics 520' (P:0 D:0)
[2016.06.26-20.55.51:575][  0]LogWindows:    2. 'Intel(R) HD Graphics 520' (P:0 D:0)
[2016.06.26-20.55.51:575][  0]LogWindows: DebugString: PrimaryIsNotTheChoosenAdapter PrimaryIsNotTheChoosenAdapter PrimaryIsNotTheChoosenAdapter FoundDriverCount:0 
[2016.06.26-20.55.51:575][  0]LogD3D11RHI:     Adapter Name: NVIDIA GeForce 940M     
[2016.06.26-20.55.51:575][  0]LogD3D11RHI:   Driver Version: Unknown (internal:Unknown, unified:Unknown)
[2016.06.26-20.55.51:575][  0]LogD3D11RHI:      Driver Date: Unknown
[2016.06.26-20.55.51:575][  0]LogRHI: Texture pool is 1361 MB (70% of 1945 MB)
[2016.06.26-20.55.51:602][  0]LogD3D11RHI: Async texture creation enabled
[2016.06.26-20.55.51:626][  0]LogD3D11RHI: GPU Timing Frequency: 1000.000000 (Debug: 2 2)
[2016.06.26-20.55.51:628][  0]LogShaderCompilers: Guid format shader working directory is -11 characters bigger than the processId version (../../../../../../Users/Zeetermin/Documents/GitHub/Wick/Wick/Intermediate/Shaders/WorkingDirectory/5036/).
[2016.06.26-20.55.51:629][  0]LogShaderCompilers: Cleaned the shader compiler working directory 'C:/Users/ZEETER~1/AppData/Local/Temp/UnrealShaderWorkingDir/C0CD244E4DA207B8D8DCCDB917E61D65/'.
[2016.06.26-20.55.51:629][  0]LogShaderCompilers:Display: Using Local Shader Compiler.
[2016.06.26-20.55.54:432][  0]LogTemp:Display: Loaded TP AllDesktopTargetPlatform
[2016.06.26-20.55.54:448][  0]LogTemp:Display: Loaded TP WindowsClientTargetPlatform
[2016.06.26-20.55.54:462][  0]LogTemp:Display: Loaded TP WindowsNoEditorTargetPlatform
[2016.06.26-20.55.54:473][  0]LogTemp:Display: Loaded TP WindowsServerTargetPlatform
[2016.06.26-20.55.54:497][  0]LogTemp:Display: Loaded TP WindowsTargetPlatform
[2016.06.26-20.55.54:507][  0]LogTemp:Display: Loaded TP AndroidTargetPlatform
[2016.06.26-20.55.54:520][  0]LogTemp:Display: Loaded TP Android_ASTCTargetPlatform
[2016.06.26-20.55.54:532][  0]LogTemp:Display: Loaded TP Android_ATCTargetPlatform
[2016.06.26-20.55.54:543][  0]LogTemp:Display: Loaded TP Android_DXTTargetPlatform
[2016.06.26-20.55.54:562][  0]LogTemp:Display: Loaded TP Android_ETC1TargetPlatform
[2016.06.26-20.55.54:572][  0]LogTemp:Display: Loaded TP Android_ETC2TargetPlatform
[2016.06.26-20.55.54:597][  0]LogTemp:Display: Loaded TP Android_MultiTargetPlatform
[2016.06.26-20.55.54:597][  0]LogTemp:Display: Loaded TP Android_PVRTCTargetPlatform
[2016.06.26-20.55.54:598][  0]LogTemp:Display: Loaded TP HTML5TargetPlatform
[2016.06.26-20.55.54:622][  0]LogTemp:Display: Loaded TP IOSTargetPlatform
[2016.06.26-20.55.54:636][  0]LogTemp:Display: Loaded TP TVOSTargetPlatform
[2016.06.26-20.55.54:650][  0]LogTemp:Display: Loaded TP LinuxNoEditorTargetPlatform
[2016.06.26-20.55.54:661][  0]LogTemp:Display: Loaded TP LinuxServerTargetPlatform
[2016.06.26-20.55.54:719][  0]LogTemp:Display: Loaded TP LinuxTargetPlatform
[2016.06.26-20.55.54:719][  0]LogTargetPlatformManager:Display: Building Assets For Windows
[2016.06.26-20.55.55:249][  0]LogDerivedDataCache:Display: Max Cache Size: 512 MB
[2016.06.26-20.55.56:054][  0]LogDerivedDataCache: Loaded boot cache 0.79s 59MB C:/Users/Zeetermin/AppData/Local/UnrealEngine/4.12/DerivedDataCache/Boot.ddc.
[2016.06.26-20.55.56:054][  0]LogDerivedDataCache:Display: Loaded Boot cache: C:/Users/Zeetermin/AppData/Local/UnrealEngine/4.12/DerivedDataCache/Boot.ddc
[2016.06.26-20.55.56:054][  0]LogDerivedDataCache: FDerivedDataBackendGraph:  Pak pak cache file ../../../../../../Users/Zeetermin/Documents/GitHub/Wick/Wick/DerivedDataCache/DDC.ddp not found, will not use a pak cache.
[2016.06.26-20.55.56:054][  0]LogDerivedDataCache: Unable to find inner node Pak for hierarchical cache Hierarchy.
[2016.06.26-20.55.56:054][  0]LogDerivedDataCache: FDerivedDataBackendGraph:  CompressedPak pak cache file ../../../../../../Users/Zeetermin/Documents/GitHub/Wick/Wick/DerivedDataCache/Compressed.ddp not found, will not use a pak cache.
[2016.06.26-20.55.56:054][  0]LogDerivedDataCache: Unable to find inner node CompressedPak for hierarchical cache Hierarchy.
[2016.06.26-20.55.56:096][  0]LogDerivedDataCache:Display: Pak cache opened for reading ../../../Engine/DerivedDataCache/Compressed.ddp.
[2016.06.26-20.55.56:108][  0]LogDerivedDataCache: Using Local data cache path C:/Users/Zeetermin/AppData/Local/UnrealEngine/Common/DerivedDataCache: Writable
[2016.06.26-20.55.59:581][  0]LogInit: Selected Device Profile: [Windows]
[2016.06.26-20.55.59:631][  0]LogContentStreaming: Texture pool size is 0.00 MB
[2016.06.26-20.56.00:248][  0]LogMeshUtilities: No automatic mesh reduction module available
[2016.06.26-20.56.00:248][  0]LogMeshUtilities: No automatic mesh merging module available
[2016.06.26-20.56.00:248][  0]LogMeshUtilities: No distributed automatic mesh merging module available
[2016.06.26-20.56.02:306][  0]LogAssetRegistry: FAssetRegistry took 0.0221 seconds to start up
[2016.06.26-20.56.02:344][  0]LogPackageLocalizationCache: Processed 3 localized package path(s) for 2 prioritized culture(s) in 0.033364 seconds
[2016.06.26-20.56.02:355][  0]LogUObjectArray: 28739 objects as part of root set at end of initial load.
[2016.06.26-20.56.02:355][  0]LogUObjectAllocator: 5855632 out of 0 bytes used by permanent object pool.
[2016.06.26-20.56.02:355][  0]LogUObjectArray: CloseDisregardForGC: 0/0 objects in disregard for GC pool
[2016.06.26-20.56.02:397][  0]LogInit: WinSock: version 1.1 (2.2), MaxSocks=32767, MaxUdp=65467
[2016.06.26-20.56.05:583][  0]LogSlate: SlateFontCache - WITH_FREETYPE: 1, WITH_HARFBUZZ: 1
[2016.06.26-20.56.05:584][  0]LogSlate: SlateFontCache - WITH_FREETYPE: 1, WITH_HARFBUZZ: 1
[2016.06.26-20.56.28:407][  0]LogUdpMessaging: Initializing bridge on interface 0.0.0.0:0 to multicast group 230.0.0.1:6666.
[2016.06.26-20.56.29:473][  0]SourceControl: Info Source control is disabled
[2016.06.26-20.56.29:509][  0]SourceControl: Info Source control is disabled
[2016.06.26-20.56.29:560][  0]SourceControl: Info Source control is disabled
[2016.06.26-20.56.29:719][  0]SourceControl: Info Source control is disabled
[2016.06.26-20.56.30:850][  0]LogEngine: Initializing Engine...
[2016.06.26-20.56.30:880][  0]LogHMD: SteamVR failed to initialize.  Err: 110
[2016.06.26-20.56.30:881][  0]LogHMD: SteamVR failed to initialize.  Err: 110
[2016.06.26-20.56.31:558][  0]LogAIModule: Creating AISystem for world NewWorld
[2016.06.26-20.56.31:602][  0]LogInit: XAudio2 using 'Speakers (Realtek High Definition Audio)' : 2 channels at 48 kHz using 32 bits per sample (channel mask 0x3)
[2016.06.26-20.56.31:818][  0]LogInit: FAudioDevice initialized.
[2016.06.26-20.56.31:912][  0]LogDerivedDataCache: Saved boot cache 0.09s 48MB C:/Users/Zeetermin/AppData/Local/UnrealEngine/4.12/DerivedDataCache/Boot.ddc.
[2016.06.26-20.56.31:927][  0]LogInit: Texture streaming: Enabled
[2016.06.26-20.56.32:102][  0]LogInit: Transaction tracking system initialized
[2016.06.26-20.56.32:251][  0]BlueprintLog: New page: Editor Load
[2016.06.26-20.56.32:884][  0]LocalizationService: Info Localization service is disabled
[2016.06.26-20.56.33:578][  0]LogConsoleResponse:Display: 
[2016.06.26-20.56.36:795][  0]LogCook:Display: Max memory allowance for cook 8192mb
[2016.06.26-20.56.36:795][  0]LogCook:Display: Mobile HDR setting 1
[2016.06.26-20.56.37:190][  0]LogFileCache: Scanning file cache for directory 'C:/Users/Zeetermin/Documents/GitHub/Wick/Wick/Content/' took 0.01s
[2016.06.26-20.56.38:372][  0]SourceControl: Info Source control is disabled
[2016.06.26-20.56.38:372][  0]Cmd: MAP LOAD FILE="../../../../../../Users/Zeetermin/Documents/GitHub/Wick/Wick/Content/2DSideScrollerBP/Maps/2DSideScrollerExampleMap.umap" TEMPLATE=0 SHOWPROGRESS=1 FEATURELEVEL=3
[2016.06.26-20.56.38:430][  0]LightingResults: New page: Lighting Build
[2016.06.26-20.56.38:434][  0]MapCheck: New page: Map Check
[2016.06.26-20.56.38:434][  0]LightingResults: New page: Lighting Build
[2016.06.26-20.56.39:370][  0]LogBlueprint:Warning: Compiler Warning InputAction Event references unknown Action 'Attack' for  InputAction Attack 
[2016.06.26-20.56.39:385][  0]LogBlueprint:Warning: Compiler Warning [0049.63] Compile of Player_Wick successful, but with 1 Warning(s) [in 27 ms] (/Game/2DSideScrollerBP/Blueprints/Player/Player_Wick.Player_Wick)
[2016.06.26-20.56.39:385][  0]LogBlueprint:Warning: Compiler Warning [0049.63] Compile of Player_Wick successful, but with 2 Warning(s) [in 0 ms] (/Game/2DSideScrollerBP/Blueprints/Player/Player_Wick.Player_Wick)
[2016.06.26-20.56.39:385][  0]LogBlueprint:Warning: Compiler Warning [0049.63] Compile of Player_Wick successful, but with 3 Warning(s) [in 0 ms] (/Game/2DSideScrollerBP/Blueprints/Player/Player_Wick.Player_Wick)
[2016.06.26-20.56.39:520][  0]LogBlueprint:Warning: Compiler Warning 'Item' is already a 'AI Waypoint', you don't need  Cast To AI_Waypoint .
[2016.06.26-20.56.39:521][  0]LogBlueprint:Warning: Compiler Warning [0049.77] Compile of AI_Task_NextRoute successful, but with 1 Warning(s) [in 6 ms] (/Game/2DSideScrollerBP/Blueprints/AI/AI_Task_NextRoute.AI_Task_NextRoute)
[2016.06.26-20.56.39:521][  0]LogBlueprint:Warning: Compiler Warning [0049.77] Compile of AI_Task_NextRoute successful, but with 2 Warning(s) [in 0 ms] (/Game/2DSideScrollerBP/Blueprints/AI/AI_Task_NextRoute.AI_Task_NextRoute)
[2016.06.26-20.56.39:522][  0]LogBlueprint:Warning: Compiler Warning [0049.77] Compile of AI_Task_NextRoute successful, but with 3 Warning(s) [in 0 ms] (/Game/2DSideScrollerBP/Blueprints/AI/AI_Task_NextRoute.AI_Task_NextRoute)
[2016.06.26-20.56.40:007][  0]LogBlueprint:Warning: Compiler Warning InputAction Event references unknown Action 'Attack' for  InputAction Attack 
[2016.06.26-20.56.40:021][  0]LogBlueprint:Warning: Compiler Warning [0050.27] Compile of Player_Wick successful, but with 1 Warning(s) [in 23 ms] (/Game/2DSideScrollerBP/Blueprints/Player/Player_Wick.Player_Wick)
[2016.06.26-20.56.40:021][  0]LogBlueprint:Warning: Compiler Warning [0050.27] Compile of Player_Wick successful, but with 2 Warning(s) [in 0 ms] (/Game/2DSideScrollerBP/Blueprints/Player/Player_Wick.Player_Wick)
[2016.06.26-20.56.40:021][  0]LogBlueprint:Warning: Compiler Warning [0050.27] Compile of Player_Wick successful, but with 3 Warning(s) [in 0 ms] (/Game/2DSideScrollerBP/Blueprints/Player/Player_Wick.Player_Wick)
[2016.06.26-20.56.40:055][  0]LogBlueprint:Warning: Compiler Warning 'Item' is already a 'AI Waypoint', you don't need  Cast To AI_Waypoint .
[2016.06.26-20.56.40:056][  0]LogBlueprint:Warning: Compiler Warning [0050.30] Compile of AI_Task_NextRoute successful, but with 1 Warning(s) [in 5 ms] (/Game/2DSideScrollerBP/Blueprints/AI/AI_Task_NextRoute.AI_Task_NextRoute)
[2016.06.26-20.56.40:056][  0]LogBlueprint:Warning: Compiler Warning [0050.30] Compile of AI_Task_NextRoute successful, but with 2 Warning(s) [in 0 ms] (/Game/2DSideScrollerBP/Blueprints/AI/AI_Task_NextRoute.AI_Task_NextRoute)
[2016.06.26-20.56.40:056][  0]LogBlueprint:Warning: Compiler Warning [0050.30] Compile of AI_Task_NextRoute successful, but with 3 Warning(s) [in 0 ms] (/Game/2DSideScrollerBP/Blueprints/AI/AI_Task_NextRoute.AI_Task_NextRoute)
[2016.06.26-20.56.47:178][  0]LogAIModule: Creating AISystem for world 2DSideScrollerExampleMap
[2016.06.26-20.56.47:184][  0]LogEditorServer: Finished looking for orphan Actors (0.000 secs)
[2016.06.26-20.56.47:185][  0]Cmd: MAP CHECKDEP NOCLEARLOG
[2016.06.26-20.56.47:230][  0]MapCheck: Info Map check complete: 0 Error(s), 0 Warning(s), took 45.452ms to complete.
[2016.06.26-20.56.47:231][  0]LogFileHelpers: Loading map '2DSideScrollerExampleMap' took 8.858
[2016.06.26-20.56.47:649][  0]LogCollectionManager: Loaded 0 collections in 0.002803 seconds
[2016.06.26-20.56.47:691][  0]LogFileCache: Scanning file cache for directory 'C:/Users/Zeetermin/Documents/GitHub/Wick/Wick/Saved/Collections/' took 0.01s
[2016.06.26-20.56.47:691][  0]LogFileCache: Scanning file cache for directory 'C:/Users/Zeetermin/Documents/GitHub/Wick/Wick/Content/Developers/Zeetermin/Collections/' took 0.01s
[2016.06.26-20.56.47:691][  0]LogFileCache: Scanning file cache for directory 'C:/Users/Zeetermin/Documents/GitHub/Wick/Wick/Content/Collections/' took 0.01s
[2016.06.26-20.56.47:691][  0]LogCollectionManager: Rebuilt the GUID cache for 0 collections in 0.000004 seconds
[2016.06.26-20.56.47:701][  0]LogContentBrowser: Native class hierarchy populated in 0.0099 seconds. Added 2047 classes and 369 folders.
[2016.06.26-20.56.47:705][  0]LogStats: UGameplayTagsManager::ConstructGameplayTagTree: Construct from data asset -  0.000 s
[2016.06.26-20.56.47:705][  0]LogStats: UGameplayTagsManager::ConstructGameplayTagTree: GameplayTagTreeChangedEvent.Broadcast -  0.000 s
[2016.06.26-20.56.47:706][  0]LogContentBrowser: Native class hierarchy updated for 'GameplayTags' in 0.0005 seconds. Added 12 classes and 0 folders.
[2016.06.26-20.56.47:712][  0]LogContentBrowser: Native class hierarchy updated for 'WidgetCarousel' in 0.0004 seconds. Added 0 classes and 0 folders.
[2016.06.26-20.56.47:839][  0]LogContentBrowser: Native class hierarchy updated for 'AddContentDialog' in 0.0012 seconds. Added 0 classes and 0 folders.
[2016.06.26-20.56.47:863][  0]LogContentBrowser: Native class hierarchy updated for 'SceneOutliner' in 0.0013 seconds. Added 1 classes and 2 folders.
[2016.06.26-20.56.47:922][  0]LogCrashTracker: Crashtracker disabled due to settings.
[2016.06.26-20.56.47:936][  0]LogUObjectGlobals:Warning: Failed to find object 'Class None.'
[2016.06.26-20.56.48:050][  0]LogContentBrowser: Native class hierarchy updated for 'HierarchicalLODOutliner' in 0.0008 seconds. Added 1 classes and 2 folders.
[2016.06.26-20.56.48:050][  0]LogLoad: Full Startup: 58.30 seconds (BP compile: 0.56 seconds)
[2016.06.26-20.56.48:050][  0]LogExternalProfiler: No external profilers were discovered.  External profiling features will not be available.
[2016.06.26-20.56.48:069][  0]LogWindowsTextInputMethodSystem:Display: IME system now deactivated.
[2016.06.26-20.56.48:069][  0]LogWindowsTextInputMethodSystem:Display: IME system now deactivated.
[2016.06.26-20.56.48:070][  0]LogOcInput: OculusInput pre-init called
[2016.06.26-20.56.48:096][  0]LogContentStreaming: Texture pool size now 1000 MB
[2016.06.26-20.56.48:752][  0]LogRenderer: Reallocating scene render targets to support 964x436 (Frame:2).
[2016.06.26-20.56.48:943][  2]LogAssetRegistry: Asset discovery search completed in 46.6584 seconds
[2016.06.26-20.56.48:943][  2]LogCollectionManager: Rebuilt the object cache for 0 collections in 0.000000 seconds (found 0 objects)
[2016.06.26-20.56.48:943][  2]LogCollectionManager: Fixed up redirectors for 0 collections in 0.000034 seconds (updated 0 objects)
[2016.06.26-20.56.54:169][287]LogBlueprintUserMessages: Early PlayInEditor Detection: Level '/Game/2DSideScrollerBP/Maps/2DSideScrollerExampleMap.2DSideScrollerExampleMap:PersistentLevel' has LevelScriptBlueprint '/Game/2DSideScrollerBP/Maps/2DSideScrollerExampleMap.2DSideScrollerExampleMap:PersistentLevel.2DSideScrollerExampleMap' with GeneratedClass '/Game/2DSideScrollerBP/Maps/2DSideScrollerExampleMap.2DSideScrollerExampleMap_C' with ClassGeneratedBy '/Game/2DSideScrollerBP/Maps/2DSideScrollerExampleMap.2DSideScrollerExampleMap:PersistentLevel.2DSideScrollerExampleMap'
[2016.06.26-20.56.54:170][287]LogPlayLevel: PlayLevel: No blueprints needed recompiling
[2016.06.26-20.56.54:285][287]PIE: New page: PIE session: 2DSideScrollerExampleMap (Jun 26, 2016, 11:56:54 AM)
[2016.06.26-20.56.54:285][287]LogPlayLevel: Creating play world package: /Game/2DSideScrollerBP/Maps/UEDPIE_0_2DSideScrollerExampleMap
[2016.06.26-20.56.54:298][287]LogPlayLevel: PIE: StaticDuplicateObject took: (0.012841s)
[2016.06.26-20.56.54:299][287]LogAIModule: Creating AISystem for world 2DSideScrollerExampleMap
[2016.06.26-20.56.54:299][287]LogPlayLevel: PIE: World Init took: (0.001271s)
[2016.06.26-20.56.54:300][287]LogPlayLevel: PIE: Created PIE world by copying editor world from /Game/2DSideScrollerBP/Maps/2DSideScrollerExampleMap.2DSideScrollerExampleMap to /Game/2DSideScrollerBP/Maps/UEDPIE_0_2DSideScrollerExampleMap.2DSideScrollerExampleMap (0.014609s)
[2016.06.26-20.56.54:412][287]LogInit: XAudio2 using 'Speakers (Realtek High Definition Audio)' : 2 channels at 48 kHz using 32 bits per sample (channel mask 0x3)
[2016.06.26-20.56.54:422][287]LogInit: FAudioDevice initialized.
[2016.06.26-20.56.54:481][287]LogWorld: Game class is '2DSideScrollerGameMode_C'
[2016.06.26-20.56.54:487][287]LogWorld: Bringing World /Game/2DSideScrollerBP/Maps/UEDPIE_0_2DSideScrollerExampleMap.2DSideScrollerExampleMap up for play (max tick rate 60) at 2016.06.26-16.56.54
[2016.06.26-20.56.54:488][287]LogWorld: Bringing up level for play took: 0.004910
[2016.06.26-20.56.54:494][287]LogContentBrowser: Native class hierarchy updated for 'MovieSceneCapture' in 0.0005 seconds. Added 11 classes and 0 folders.
[2016.06.26-20.56.54:588][287]PIE: Info Play in editor start time for /Game/2DSideScrollerBP/Maps/UEDPIE_0_2DSideScrollerExampleMap 0.656
[2016.06.26-20.56.54:588][287]LogBlueprintUserMessages: Late PlayInEditor Detection: Level '/Game/2DSideScrollerBP/Maps/2DSideScrollerExampleMap.2DSideScrollerExampleMap:PersistentLevel' has LevelScriptBlueprint '/Game/2DSideScrollerBP/Maps/2DSideScrollerExampleMap.2DSideScrollerExampleMap:PersistentLevel.2DSideScrollerExampleMap' with GeneratedClass '/Game/2DSideScrollerBP/Maps/2DSideScrollerExampleMap.2DSideScrollerExampleMap_C' with ClassGeneratedBy '/Game/2DSideScrollerBP/Maps/2DSideScrollerExampleMap.2DSideScrollerExampleMap:PersistentLevel.2DSideScrollerExampleMap'
[2016.06.26-20.56.54:626][287]LogRenderer: Reallocating scene render targets to support 972x676 (Frame:4).
[2016.06.26-20.57.10:192][ 81]LogBlueprintUserMessages: Early EndPlayMap Detection: Level '/Game/2DSideScrollerBP/Maps/2DSideScrollerExampleMap.2DSideScrollerExampleMap:PersistentLevel' has LevelScriptBlueprint '/Game/2DSideScrollerBP/Maps/2DSideScrollerExampleMap.2DSideScrollerExampleMap:PersistentLevel.2DSideScrollerExampleMap' with GeneratedClass '/Game/2DSideScrollerBP/Maps/2DSideScrollerExampleMap.2DSideScrollerExampleMap_C' with ClassGeneratedBy '/Game/2DSideScrollerBP/Maps/2DSideScrollerExampleMap.2DSideScrollerExampleMap:PersistentLevel.2DSideScrollerExampleMap'
[2016.06.26-20.57.10:257][ 81]LogBlueprintUserMessages: Late EndPlayMap Detection: Level '/Game/2DSideScrollerBP/Maps/2DSideScrollerExampleMap.2DSideScrollerExampleMap:PersistentLevel' has LevelScriptBlueprint '/Game/2DSideScrollerBP/Maps/2DSideScrollerExampleMap.2DSideScrollerExampleMap:PersistentLevel.2DSideScrollerExampleMap' with GeneratedClass '/Game/2DSideScrollerBP/Maps/2DSideScrollerExampleMap.2DSideScrollerExampleMap_C' with ClassGeneratedBy '/Game/2DSideScrollerBP/Maps/2DSideScrollerExampleMap.2DSideScrollerExampleMap:PersistentLevel.2DSideScrollerExampleMap'
[2016.06.26-20.58.20:745][867]LogBlueprintUserMessages: Early PlayInEditor Detection: Level '/Game/2DSideScrollerBP/Maps/2DSideScrollerExampleMap.2DSideScrollerExampleMap:PersistentLevel' has LevelScriptBlueprint '/Game/2DSideScrollerBP/Maps/2DSideScrollerExampleMap.2DSideScrollerExampleMap:PersistentLevel.2DSideScrollerExampleMap' with GeneratedClass '/Game/2DSideScrollerBP/Maps/2DSideScrollerExampleMap.2DSideScrollerExampleMap_C' with ClassGeneratedBy '/Game/2DSideScrollerBP/Maps/2DSideScrollerExampleMap.2DSideScrollerExampleMap:PersistentLevel.2DSideScrollerExampleMap'
[2016.06.26-20.58.20:746][867]LogPlayLevel: PlayLevel: No blueprints needed recompiling
[2016.06.26-20.58.20:746][867]PIE: New page: PIE session: 2DSideScrollerExampleMap (Jun 26, 2016, 11:58:20 AM)
[2016.06.26-20.58.20:746][867]LogPlayLevel: Creating play world package: /Game/2DSideScrollerBP/Maps/UEDPIE_0_2DSideScrollerExampleMap
[2016.06.26-20.58.20:755][867]LogPlayLevel: PIE: StaticDuplicateObject took: (0.009617s)
[2016.06.26-20.58.20:756][867]LogAIModule: Creating AISystem for world 2DSideScrollerExampleMap
[2016.06.26-20.58.20:756][867]LogPlayLevel: PIE: World Init took: (0.000880s)
[2016.06.26-20.58.20:757][867]LogPlayLevel: PIE: Created PIE world by copying editor world from /Game/2DSideScrollerBP/Maps/2DSideScrollerExampleMap.2DSideScrollerExampleMap to /Game/2DSideScrollerBP/Maps/UEDPIE_0_2DSideScrollerExampleMap.2DSideScrollerExampleMap (0.010835s)
[2016.06.26-20.58.20:781][867]LogInit: XAudio2 using 'Speakers (Realtek High Definition Audio)' : 2 channels at 48 kHz using 32 bits per sample (channel mask 0x3)
[2016.06.26-20.58.20:789][867]LogInit: FAudioDevice initialized.
[2016.06.26-20.58.20:831][867]LogWorld: Game class is '2DSideScrollerGameMode_C'
[2016.06.26-20.58.20:835][867]LogWorld: Bringing World /Game/2DSideScrollerBP/Maps/UEDPIE_0_2DSideScrollerExampleMap.2DSideScrollerExampleMap up for play (max tick rate 60) at 2016.06.26-16.58.20
[2016.06.26-20.58.20:835][867]LogWorld: Bringing up level for play took: 0.003932
[2016.06.26-20.58.20:969][867]PIE: Info Play in editor start time for /Game/2DSideScrollerBP/Maps/UEDPIE_0_2DSideScrollerExampleMap 1.038
[2016.06.26-20.58.20:970][867]LogBlueprintUserMessages: Late PlayInEditor Detection: Level '/Game/2DSideScrollerBP/Maps/2DSideScrollerExampleMap.2DSideScrollerExampleMap:PersistentLevel' has LevelScriptBlueprint '/Game/2DSideScrollerBP/Maps/2DSideScrollerExampleMap.2DSideScrollerExampleMap:PersistentLevel.2DSideScrollerExampleMap' with GeneratedClass '/Game/2DSideScrollerBP/Maps/2DSideScrollerExampleMap.2DSideScrollerExampleMap_C' with ClassGeneratedBy '/Game/2DSideScrollerBP/Maps/2DSideScrollerExampleMap.2DSideScrollerExampleMap:PersistentLevel.2DSideScrollerExampleMap'
[2016.06.26-20.58.31:187][267]LogBlueprintUserMessages: Early EndPlayMap Detection: Level '/Game/2DSideScrollerBP/Maps/2DSideScrollerExampleMap.2DSideScrollerExampleMap:PersistentLevel' has LevelScriptBlueprint '/Game/2DSideScrollerBP/Maps/2DSideScrollerExampleMap.2DSideScrollerExampleMap:PersistentLevel.2DSideScrollerExampleMap' with GeneratedClass '/Game/2DSideScrollerBP/Maps/2DSideScrollerExampleMap.2DSideScrollerExampleMap_C' with ClassGeneratedBy '/Game/2DSideScrollerBP/Maps/2DSideScrollerExampleMap.2DSideScrollerExampleMap:PersistentLevel.2DSideScrollerExampleMap'
[2016.06.26-20.58.31:261][267]LogBlueprintUserMessages: Late EndPlayMap Detection: Level '/Game/2DSideScrollerBP/Maps/2DSideScrollerExampleMap.2DSideScrollerExampleMap:PersistentLevel' has LevelScriptBlueprint '/Game/2DSideScrollerBP/Maps/2DSideScrollerExampleMap.2DSideScrollerExampleMap:PersistentLevel.2DSideScrollerExampleMap' with GeneratedClass '/Game/2DSideScrollerBP/Maps/2DSideScrollerExampleMap.2DSideScrollerExampleMap_C' with ClassGeneratedBy '/Game/2DSideScrollerBP/Maps/2DSideScrollerExampleMap.2DSideScrollerExampleMap:PersistentLevel.2DSideScrollerExampleMap'
[2016.06.26-20.58.59:654][862]LogSavePackage: Save=116.73ms
[2016.06.26-20.58.59:654][862]LogSavePackage: Moving '../../../../../../Users/Zeetermin/Documents/GitHub/Wick/Wick/Saved/2DSideScrollerExampleMap449326604ED75ADABA0F7689FAB446FE.tmp' to '../../../../../../Users/Zeetermin/Documents/GitHub/Wick/Wick/Content/2DSideScrollerBP/Maps/2DSideScrollerExampleMap.umap'
[2016.06.26-20.58.59:656][862]LogSavePackage:Display: Finished SavePackage ../../../../../../Users/Zeetermin/Documents/GitHub/Wick/Wick/Content/2DSideScrollerBP/Maps/2DSideScrollerExampleMap.umap
[2016.06.26-20.59.01:204][940]LogWindowsTextInputMethodSystem:Display: IME system now deactivated.
[2016.06.26-20.59.01:204][940]LogWindowsTextInputMethodSystem:Display: IME system now deactivated.
[2016.06.26-20.59.01:575][941]Cmd: QUIT_EDITOR
[2016.06.26-20.59.02:705][941]LogExit: Preparing to exit.
[2016.06.26-20.59.03:693][941]LogExit: Editor shut down
[2016.06.26-20.59.03:693][941]LogExit: Transaction tracking system shut down
[2016.06.26-20.59.03:829][941]LogObj: Freed 0b from 0 cluster array pools.
[2016.06.26-20.59.03:829][941]LogExit: Object subsystem successfully closed.
[2016.06.26-20.59.03:854][941]LogD3D11RHI: Shutdown
[2016.06.26-20.59.03:854][941]LogD3D11RHI: CleanupD3DDevice
[2016.06.26-20.59.03:975][941]LogD3D11RHI: ~FD3D11DynamicRHI
[2016.06.26-20.59.04:000][941]LogModuleManager: Shutting down and abandoning module ExternalImagePicker (215)
[2016.06.26-20.59.04:000][941]LogModuleManager: Shutting down and abandoning module MovieSceneCapture (214)
[2016.06.26-20.59.04:000][941]LogModuleManager: Shutting down and abandoning module HierarchicalLODOutliner (213)
[2016.06.26-20.59.04:000][941]LogModuleManager: Shutting down and abandoning module CrashTracker (212)
[2016.06.26-20.59.04:000][941]LogModuleManager: Shutting down and abandoning module SceneOutliner (211)
[2016.06.26-20.59.04:001][941]LogModuleManager: Shutting down and abandoning module WidgetCarousel (210)
[2016.06.26-20.59.04:002][941]LogModuleManager: Shutting down and abandoning module AddContentDialog (209)
[2016.06.26-20.59.04:002][941]LogModuleManager: Shutting down and abandoning module GameplayTags (208)
[2016.06.26-20.59.04:003][941]LogModuleManager: Shutting down and abandoning module EditorWidgets (207)
[2016.06.26-20.59.04:003][941]LogModuleManager: Shutting down and abandoning module CollectionManager (206)
[2016.06.26-20.59.04:004][941]LogModuleManager: Shutting down and abandoning module StatsViewer (205)
[2016.06.26-20.59.04:004][941]LogModuleManager: Shutting down and abandoning module FoliageEdit (204)
[2016.06.26-20.59.04:004][941]LogModuleManager: Shutting down and abandoning module LandscapeEditor (203)
[2016.06.26-20.59.04:004][941]LogModuleManager: Shutting down and abandoning module SceneDepthPickerMode (202)
[2016.06.26-20.59.04:004][941]LogModuleManager: Shutting down and abandoning module ActorPickerMode (201)
[2016.06.26-20.59.04:004][941]LogModuleManager: Shutting down and abandoning module GeometryMode (200)
[2016.06.26-20.59.04:004][941]LogModuleManager: Shutting down and abandoning module TextureAlignMode (199)
[2016.06.26-20.59.04:004][941]LogModuleManager: Shutting down and abandoning module BspMode (198)
[2016.06.26-20.59.04:004][941]LogModuleManager: Shutting down and abandoning module HardwareSurvey (197)
[2016.06.26-20.59.04:004][941]LogModuleManager: Shutting down and abandoning module SequenceRecorderSections (196)
[2016.06.26-20.59.04:004][941]LogModuleManager: Shutting down and abandoning module SequenceRecorder (195)
[2016.06.26-20.59.04:004][941]LogModuleManager: Shutting down and abandoning module AutomationWorker (194)
[2016.06.26-20.59.04:004][941]LogModuleManager: Shutting down and abandoning module MatineeToLevelSequence (193)
[2016.06.26-20.59.04:004][941]LogModuleManager: Shutting down and abandoning module PlacementMode (192)
[2016.06.26-20.59.04:005][941]LogModuleManager: Shutting down and abandoning module LevelSequenceEditor (191)
[2016.06.26-20.59.04:005][941]LogModuleManager: Shutting down and abandoning module CharacterAI (190)
[2016.06.26-20.59.04:005][941]LogModuleManager: Shutting down and abandoning module SmartSnapping (189)
[2016.06.26-20.59.04:005][941]LogModuleManager: Shutting down and abandoning module SessionServices (188)
[2016.06.26-20.59.04:005][941]LogModuleManager: Shutting down and abandoning module ViewportSnapping (187)
[2016.06.26-20.59.04:005][941]LogModuleManager: Shutting down and abandoning module LogVisualizer (186)
[2016.06.26-20.59.04:005][941]LogModuleManager: Shutting down and abandoning module GameProjectGeneration (185)
[2016.06.26-20.59.04:005][941]LogModuleManager: Shutting down and abandoning module IntroTutorials (184)
[2016.06.26-20.59.04:005][941]LogModuleManager: Shutting down and abandoning module EditorLiveStreaming (183)
[2016.06.26-20.59.04:005][941]LogModuleManager: Shutting down and abandoning module IOSPlatformEditor (182)
[2016.06.26-20.59.04:005][941]LogModuleManager: Shutting down and abandoning module HTML5PlatformEditor (181)
[2016.06.26-20.59.04:005][941]LogModuleManager: Shutting down and abandoning module AndroidDeviceDetection (180)
[2016.06.26-20.59.04:434][941]LogModuleManager: Shutting down and abandoning module AndroidPlatformEditor (179)
[2016.06.26-20.59.04:434][941]LogModuleManager: Shutting down and abandoning module IOSRuntimeSettings (178)
[2016.06.26-20.59.04:434][941]LogModuleManager: Shutting down and abandoning module AndroidRuntimeSettings (177)
[2016.06.26-20.59.04:434][941]LogModuleManager: Shutting down and abandoning module MergeActors (176)
[2016.06.26-20.59.04:434][941]LogModuleManager: Shutting down and abandoning module SizeMap (175)
[2016.06.26-20.59.04:434][941]LogModuleManager: Shutting down and abandoning module TreeMap (174)
[2016.06.26-20.59.04:434][941]LogModuleManager: Shutting down and abandoning module ReferenceViewer (173)
[2016.06.26-20.59.04:434][941]LogModuleManager: Shutting down and abandoning module LocalizationService (172)
[2016.06.26-20.59.04:434][941]LogModuleManager: Shutting down and abandoning module LocalizationDashboard (171)
[2016.06.26-20.59.04:434][941]LogModuleManager: Shutting down and abandoning module HardwareTargeting (170)
[2016.06.26-20.59.04:434][941]LogModuleManager: Shutting down and abandoning module DeviceProfileEditor (169)
[2016.06.26-20.59.04:435][941]LogModuleManager: Shutting down and abandoning module UndoHistory (168)
[2016.06.26-20.59.04:435][941]LogModuleManager: Shutting down and abandoning module UserFeedback (167)
[2016.06.26-20.59.04:435][941]LogModuleManager: Shutting down and abandoning module XmlParser (166)
[2016.06.26-20.59.04:435][941]LogModuleManager: Shutting down and abandoning module Blutility (165)
[2016.06.26-20.59.04:435][941]LogModuleManager: Shutting down and abandoning module ProjectTargetPlatformEditor (164)
[2016.06.26-20.59.04:436][941]LogModuleManager: Shutting down and abandoning module ProjectSettingsViewer (163)
[2016.06.26-20.59.04:436][941]LogModuleManager: Shutting down and abandoning module InputBindingEditor (162)
[2016.06.26-20.59.04:436][941]LogModuleManager: Shutting down and abandoning module EditorSettingsViewer (161)
[2016.06.26-20.59.04:436][941]LogModuleManager: Shutting down and abandoning module SettingsEditor (160)
[2016.06.26-20.59.04:436][941]LogModuleManager: Shutting down and abandoning module ProjectLauncher (159)
[2016.06.26-20.59.04:436][941]LogModuleManager: Shutting down and abandoning module SessionFrontend (158)
[2016.06.26-20.59.04:438][941]LogModuleManager: Shutting down and abandoning module ProfilerClient (157)
[2016.06.26-20.59.04:438][941]LogModuleManager: Shutting down and abandoning module TargetDeviceServices (156)
[2016.06.26-20.59.04:438][941]LogModuleManager: Shutting down and abandoning module DeviceManager (155)
[2016.06.26-20.59.04:483][941]LogModuleManager: Shutting down and abandoning module AutomationController (154)
[2016.06.26-20.59.04:483][941]LogModuleManager: Shutting down and abandoning module AutomationWindow (153)
[2016.06.26-20.59.04:483][941]LogModuleManager: Shutting down and abandoning module Layers (152)
[2016.06.26-20.59.04:483][941]LogModuleManager: Shutting down and abandoning module ComponentVisualizers (151)
[2016.06.26-20.59.04:483][941]LogModuleManager: Shutting down and abandoning module DetailCustomizations (150)
[2016.06.26-20.59.04:483][941]LogModuleManager: Shutting down and abandoning module PackagesDialog (149)
[2016.06.26-20.59.04:483][941]LogModuleManager: Shutting down and abandoning module Persona (148)
[2016.06.26-20.59.04:483][941]LogModuleManager: Shutting down and abandoning module Kismet (147)
[2016.06.26-20.59.04:483][941]LogModuleManager: Shutting down and abandoning module GraphEditor (146)
[2016.06.26-20.59.04:483][941]LogModuleManager: Shutting down and abandoning module ClassViewer (145)
[2016.06.26-20.59.04:483][941]LogModuleManager: Shutting down and abandoning module Toolbox (144)
[2016.06.26-20.59.04:483][941]LogModuleManager: Shutting down and abandoning module ModuleUI (143)
[2016.06.26-20.59.04:483][941]LogModuleManager: Shutting down and abandoning module MovieSceneTools (142)
[2016.06.26-20.59.04:483][941]LogModuleManager: Shutting down and abandoning module OutputLog (141)
[2016.06.26-20.59.04:483][941]LogModuleManager: Shutting down and abandoning module GammaUI (140)
[2016.06.26-20.59.04:483][941]LogModuleManager: Shutting down and abandoning module Documentation (139)
[2016.06.26-20.59.04:483][941]LogModuleManager: Shutting down and abandoning module StreamingPauseRendering (138)
[2016.06.26-20.59.04:483][941]LogModuleManager: Shutting down and abandoning module AnalyticsET (137)
[2016.06.26-20.59.04:483][941]LogModuleManager: Shutting down and abandoning module Analytics (136)
[2016.06.26-20.59.04:483][941]LogModuleManager: Shutting down and abandoning module PortalServices (135)
[2016.06.26-20.59.04:483][941]LogModuleManager: Shutting down and abandoning module PortalRpc (134)
[2016.06.26-20.59.04:483][941]LogModuleManager: Shutting down and abandoning module MessagingRpc (133)
[2016.06.26-20.59.04:483][941]LogModuleManager: Shutting down and abandoning module GameplayDebugger (132)
[2016.06.26-20.59.04:483][941]LogModuleManager: Shutting down and abandoning module AITestSuite (131)
[2016.06.26-20.59.04:483][941]LogModuleManager: Shutting down and abandoning module AIModule (130)
[2016.06.26-20.59.04:483][941]LogModuleManager: Shutting down and abandoning module ProfilerService (129)
[2016.06.26-20.59.04:705][941]LogModuleManager: Shutting down and abandoning module TaskGraph (128)
[2016.06.26-20.59.04:706][941]LogModuleManager: Shutting down and abandoning module SlateRemote (127)
[2016.06.26-20.59.04:706][941]LogModuleManager: Shutting down and abandoning module SteamVRController (126)
[2016.06.26-20.59.04:706][941]LogModuleManager: Shutting down and abandoning module SteamVR (125)
[2016.06.26-20.59.04:706][941]LogModuleManager: Shutting down and abandoning module ProceduralMeshComponent (124)
[2016.06.26-20.59.04:706][941]LogModuleManager: Shutting down and abandoning module OculusLibrary (123)
[2016.06.26-20.59.04:706][941]LogModuleManager: Shutting down and abandoning module OculusInput (122)
[2016.06.26-20.59.04:706][941]LogModuleManager: Shutting down and abandoning module CustomMeshComponent (121)
[2016.06.26-20.59.04:706][941]LogModuleManager: Shutting down and abandoning module CableComponent (120)
[2016.06.26-20.59.04:706][941]LogModuleManager: Shutting down and abandoning module ArchVisCharacter (119)
[2016.06.26-20.59.04:706][941]LogModuleManager: Shutting down and abandoning module MediaPlayerEditor (118)
[2016.06.26-20.59.04:706][941]LogModuleManager: Shutting down and abandoning module HTML5Networking (117)
[2016.06.26-20.59.04:706][941]LogModuleManager: Shutting down and abandoning module SuperSearch (116)
[2016.06.26-20.59.04:706][941]LogModuleManager: Shutting down and abandoning module SuperSearchEditor (115)
[2016.06.26-20.59.04:706][941]LogModuleManager: Shutting down and abandoning module SpeedTreeImporter (114)
[2016.06.26-20.59.04:706][941]LogModuleManager: Shutting down and abandoning module PluginBrowser (113)
[2016.06.26-20.59.04:706][941]LogModuleManager: Shutting down and abandoning module EpicSurvey (112)
[2016.06.26-20.59.04:706][941]LogModuleManager: Shutting down and abandoning module DesktopPlatform (111)
[2016.06.26-20.59.04:706][941]LogModuleManager: Shutting down and abandoning module VisualStudioSourceCodeAccess (110)
[2016.06.26-20.59.04:706][941]LogModuleManager: Shutting down and abandoning module UObjectPlugin (109)
[2016.06.26-20.59.04:706][941]LogModuleManager: Shutting down and abandoning module SubversionSourceControl (108)
[2016.06.26-20.59.04:706][941]LogModuleManager: Shutting down and abandoning module PerforceSourceControl (107)
[2016.06.26-20.59.04:706][941]LogModuleManager: Shutting down and abandoning module SourceControl (106)
[2016.06.26-20.59.04:706][941]LogModuleManager: Shutting down and abandoning module GitSourceControl (105)
[2016.06.26-20.59.04:706][941]LogModuleManager: Shutting down and abandoning module LightPropagationVolumeEditor (104)
[2016.06.26-20.59.04:706][941]LogModuleManager: Shutting down and abandoning module PaperTiledImporter (103)
[2016.06.26-20.59.04:707][941]LogModuleManager: Shutting down and abandoning module PaperSpriteSheetImporter (102)
[2016.06.26-20.59.04:707][941]LogModuleManager: Shutting down and abandoning module MeshPaint (101)
[2016.06.26-20.59.04:707][941]LogModuleManager: Shutting down and abandoning module PixelInspectorModule (100)
[2016.06.26-20.59.04:707][941]LogModuleManager: Shutting down and abandoning module HotReload (99)
[2016.06.26-20.59.04:708][941]LogModuleManager: Shutting down and abandoning module MainFrame (98)
[2016.06.26-20.59.04:708][941]LogModuleManager: Shutting down and abandoning module LevelEditor (97)
[2016.06.26-20.59.04:709][941]LogModuleManager: Shutting down and abandoning module ContentBrowser (96)
[2016.06.26-20.59.04:710][941]LogModuleManager: Shutting down and abandoning module Paper2DEditor (95)
[2016.06.26-20.59.04:711][941]LogModuleManager: Shutting down and abandoning module UdpMessaging (94)
[2016.06.26-20.59.04:811][941]LogModuleManager: Shutting down and abandoning module LightPropagationVolumeRuntime (93)
[2016.06.26-20.59.04:811][941]LogModuleManager: Shutting down and abandoning module Paper2D (92)
[2016.06.26-20.59.04:811][941]LogModuleManager: Shutting down and abandoning module WindowsMoviePlayer (91)
[2016.06.26-20.59.04:811][941]LogModuleManager: Shutting down and abandoning module Media (90)
[2016.06.26-20.59.04:811][941]LogModuleManager: Shutting down and abandoning module WmfMedia (89)
[2016.06.26-20.59.04:811][941]LogModuleManager: Shutting down and abandoning module MediaAssets (88)
[2016.06.26-20.59.04:811][941]LogModuleManager: Shutting down and abandoning module GameLiveStreaming (87)
[2016.06.26-20.59.04:811][941]LogModuleManager: Shutting down and abandoning module GameplayTagsEditor (86)
[2016.06.26-20.59.04:811][941]LogModuleManager: Shutting down and abandoning module OnlineBlueprintSupport (85)
[2016.06.26-20.59.04:811][941]LogModuleManager: Shutting down and abandoning module VREditor (84)
[2016.06.26-20.59.04:811][941]LogModuleManager: Shutting down and abandoning module GameplayTasksEditor (83)
[2016.06.26-20.59.04:811][941]LogModuleManager: Shutting down and abandoning module PropertyEditor (82)
[2016.06.26-20.59.04:811][941]LogModuleManager: Shutting down and abandoning module BehaviorTreeEditor (81)
[2016.06.26-20.59.04:811][941]LogModuleManager: Shutting down and abandoning module FunctionalTesting (80)
[2016.06.26-20.59.04:811][941]LogModuleManager: Shutting down and abandoning module CollisionAnalyzer (79)
[2016.06.26-20.59.04:811][941]LogModuleManager: Shutting down and abandoning module Sequencer (78)
[2016.06.26-20.59.04:811][941]LogModuleManager: Shutting down and abandoning module WorkspaceMenuStructure (77)
[2016.06.26-20.59.04:811][941]LogModuleManager: Shutting down and abandoning module MessageLog (76)
[2016.06.26-20.59.04:811][941]LogModuleManager: Shutting down and abandoning module AssetTools (75)
[2016.06.26-20.59.04:811][941]LogModuleManager: Shutting down and abandoning module UMGEditor (74)
[2016.06.26-20.59.04:811][941]LogModuleManager: Shutting down and abandoning module UMG (73)
[2016.06.26-20.59.04:811][941]LogModuleManager: Shutting down and abandoning module SlateReflector (72)
[2016.06.26-20.59.04:811][941]LogModuleManager: Shutting down and abandoning module Slate (71)
[2016.06.26-20.59.04:811][941]LogModuleManager: Shutting down and abandoning module EditorStyle (70)
[2016.06.26-20.59.04:814][941]LogModuleManager: Shutting down and abandoning module SourceCodeAccess (69)
[2016.06.26-20.59.04:814][941]LogModuleManager: Shutting down and abandoning module HeadMountedDisplay (68)
[2016.06.26-20.59.04:814][941]LogModuleManager: Shutting down and abandoning module XAudio2 (67)
[2016.06.26-20.59.04:814][941]LogModuleManager: Shutting down and abandoning module Networking (65)
[2016.06.26-20.59.04:814][941]LogModuleManager: Shutting down and abandoning module Core (64)
[2016.06.26-20.59.04:814][941]LogModuleManager: Shutting down and abandoning module DirectoryWatcher (63)
[2016.06.26-20.59.04:815][941]LogModuleManager: Shutting down and abandoning module AssetRegistry (62)
[2016.06.26-20.59.05:009][941]LogModuleManager: Shutting down and abandoning module KismetCompiler (61)
[2016.06.26-20.59.05:009][941]LogModuleManager: Shutting down and abandoning module PhysXFormats (60)
[2016.06.26-20.59.05:009][941]LogModuleManager: Shutting down and abandoning module MeshUtilities (59)
[2016.06.26-20.59.05:009][941]LogModuleManager: Shutting down and abandoning module DerivedDataCache (58)
[2016.06.26-20.59.05:042][941]LogDerivedDataCache: Shutdown
[2016.06.26-20.59.05:042][941]LogModuleManager: Shutting down and abandoning module VulkanShaderFormat (57)
[2016.06.26-20.59.05:042][941]LogModuleManager: Shutting down and abandoning module ShaderFormatOpenGL (56)
[2016.06.26-20.59.05:042][941]LogModuleManager: Shutting down and abandoning module ShaderFormatD3D (55)
[2016.06.26-20.59.05:042][941]LogModuleManager: Shutting down and abandoning module MetalShaderFormat (54)
[2016.06.26-20.59.05:042][941]LogModuleManager: Shutting down and abandoning module TextureFormatUncompressed (53)
[2016.06.26-20.59.05:042][941]LogModuleManager: Shutting down and abandoning module TextureFormatPVR (52)
[2016.06.26-20.59.05:042][941]LogModuleManager: Shutting down and abandoning module TextureFormatIntelISPCTexComp (51)
[2016.06.26-20.59.05:042][941]LogModuleManager: Shutting down and abandoning module TextureFormatDXT (50)
[2016.06.26-20.59.05:043][941]LogModuleManager: Shutting down and abandoning module ImageWrapper (49)
[2016.06.26-20.59.05:043][941]LogModuleManager: Shutting down and abandoning module TextureFormatASTC (48)
[2016.06.26-20.59.05:043][941]LogModuleManager: Shutting down and abandoning module TextureFormatAndroid (47)
[2016.06.26-20.59.05:043][941]LogModuleManager: Shutting down and abandoning module AudioFormatOpus (46)
[2016.06.26-20.59.05:043][941]LogModuleManager: Shutting down and abandoning module AudioFormatOgg (45)
[2016.06.26-20.59.05:043][941]LogModuleManager: Shutting down and abandoning module AudioFormatADPCM (44)
[2016.06.26-20.59.05:043][941]LogModuleManager: Shutting down and abandoning module LinuxTargetPlatform (43)
[2016.06.26-20.59.05:043][941]LogModuleManager: Shutting down and abandoning module LinuxServerTargetPlatform (42)
[2016.06.26-20.59.05:043][941]LogModuleManager: Shutting down and abandoning module LinuxNoEditorTargetPlatform (41)
[2016.06.26-20.59.05:043][941]LogModuleManager: Shutting down and abandoning module TVOSTargetPlatform (40)
[2016.06.26-20.59.05:043][941]LogModuleManager: Shutting down and abandoning module Messaging (39)
[2016.06.26-20.59.05:043][941]LogModuleManager: Shutting down and abandoning module IOSTargetPlatform (38)
[2016.06.26-20.59.05:043][941]LogModuleManager: Shutting down and abandoning module HTML5TargetPlatform (37)
[2016.06.26-20.59.05:043][941]LogModuleManager: Shutting down and abandoning module Android_PVRTCTargetPlatform (36)
[2016.06.26-20.59.05:043][941]LogModuleManager: Shutting down and abandoning module Android_MultiTargetPlatform (35)
[2016.06.26-20.59.05:043][941]LogModuleManager: Shutting down and abandoning module Android_ETC2TargetPlatform (34)
[2016.06.26-20.59.05:043][941]LogModuleManager: Shutting down and abandoning module Android_ETC1TargetPlatform (33)
[2016.06.26-20.59.05:043][941]LogModuleManager: Shutting down and abandoning module Android_DXTTargetPlatform (32)
[2016.06.26-20.59.05:043][941]LogModuleManager: Shutting down and abandoning module Android_ATCTargetPlatform (31)
[2016.06.26-20.59.05:043][941]LogModuleManager: Shutting down and abandoning module Android_ASTCTargetPlatform (30)
[2016.06.26-20.59.05:043][941]LogModuleManager: Shutting down and abandoning module AndroidTargetPlatform (29)
[2016.06.26-20.59.05:043][941]LogModuleManager: Shutting down and abandoning module WindowsTargetPlatform (28)
[2016.06.26-20.59.05:043][941]LogModuleManager: Shutting down and abandoning module WindowsServerTargetPlatform (27)
[2016.06.26-20.59.05:043][941]LogModuleManager: Shutting down and abandoning module WindowsNoEditorTargetPlatform (26)
[2016.06.26-20.59.05:043][941]LogModuleManager: Shutting down and abandoning module WindowsClientTargetPlatform (25)
[2016.06.26-20.59.05:043][941]LogModuleManager: Shutting down and abandoning module AllDesktopTargetPlatform (24)
[2016.06.26-20.59.05:043][941]LogModuleManager: Shutting down and abandoning module TargetPlatform (23)
[2016.06.26-20.59.05:043][941]LogModuleManager: Shutting down and abandoning module InputCore (22)
[2016.06.26-20.59.05:043][941]LogModuleManager: Shutting down and abandoning module Settings (21)
[2016.06.26-20.59.05:043][941]LogModuleManager: Shutting down and abandoning module OnlineSubsystem (19)
[2016.06.26-20.59.05:043][941]LogModuleManager: Shutting down and abandoning module HTTP (18)
[2016.06.26-20.59.09:562][941]LogModuleManager: Shutting down and abandoning module XMPP (17)
[2016.06.26-20.59.09:562][941]LogModuleManager: Shutting down and abandoning module OculusRift (16)
[2016.06.26-20.59.09:562][941]LogModuleManager: Shutting down and abandoning module ExampleDeviceProfileSelector (15)
[2016.06.26-20.59.09:562][941]LogModuleManager: Shutting down and abandoning module TextureCompressor (14)
[2016.06.26-20.59.09:562][941]LogModuleManager: Shutting down and abandoning module ShaderCore (13)
[2016.06.26-20.59.09:562][941]LogModuleManager: Shutting down and abandoning module Landscape (12)
[2016.06.26-20.59.09:562][941]LogModuleManager: Shutting down and abandoning module SlateRHIRenderer (11)
[2016.06.26-20.59.09:565][941]LogModuleManager: Shutting down and abandoning module OpenGLDrv (10)
[2016.06.26-20.59.09:565][941]LogModuleManager: Shutting down and abandoning module D3D11RHI (9)
[2016.06.26-20.59.09:565][941]LogModuleManager: Shutting down and abandoning module AnimGraphRuntime (8)
[2016.06.26-20.59.09:565][941]LogModuleManager: Shutting down and abandoning module Renderer (7)
[2016.06.26-20.59.09:565][941]LogModuleManager: Shutting down and abandoning module Engine (6)
[2016.06.26-20.59.09:565][941]LogModuleManager: Shutting down and abandoning module CoreUObject (5)
[2016.06.26-20.59.09:565][941]LogModuleManager: Shutting down and abandoning module NetworkFile (4)
[2016.06.26-20.59.09:565][941]LogModuleManager: Shutting down and abandoning module StreamingFile (3)
[2016.06.26-20.59.09:565][941]LogModuleManager: Shutting down and abandoning module SandboxFile (2)
[2016.06.26-20.59.09:565][941]LogModuleManager: Shutting down and abandoning module PakFile (1)
[2016.06.26-20.59.09:569][941]LogExit: Exiting.
[2016.06.26-20.59.09:573][941]Log file closed, 06/26/16 16:59:09
